TN:
SF:src\controllers\adminController.js
FN:7,(anonymous_0)
FN:19,(anonymous_1)
FN:27,(anonymous_2)
FN:36,(anonymous_3)
FN:46,(anonymous_4)
FN:56,(anonymous_5)
FN:67,(anonymous_6)
FN:78,(anonymous_7)
FNF:8
FNH:7
FNDA:2,(anonymous_0)
FNDA:2,(anonymous_1)
FNDA:2,(anonymous_2)
FNDA:2,(anonymous_3)
FNDA:2,(anonymous_4)
FNDA:2,(anonymous_5)
FNDA:0,(anonymous_6)
FNDA:2,(anonymous_7)
DA:1,1
DA:8,2
DA:9,2
DA:11,1
DA:14,1
DA:20,2
DA:21,2
DA:22,1
DA:24,1
DA:28,2
DA:29,2
DA:30,1
DA:32,1
DA:37,2
DA:38,2
DA:39,1
DA:41,1
DA:47,2
DA:48,2
DA:49,1
DA:51,1
DA:57,2
DA:58,2
DA:59,2
DA:60,1
DA:62,1
DA:68,0
DA:69,0
DA:70,0
DA:73,0
DA:79,2
DA:80,2
DA:81,2
DA:82,1
DA:84,1
DA:89,1
LF:36
LH:32
BRDA:11,0,0,1
BRDA:11,0,1,0
BRF:2
BRH:1
end_of_record
TN:
SF:src\middlewares\adminAuth.js
FN:4,(anonymous_0)
FN:26,(anonymous_1)
FN:27,(anonymous_2)
FNF:3
FNH:3
FNDA:4,(anonymous_0)
FNDA:2,(anonymous_1)
FNDA:2,(anonymous_2)
DA:1,1
DA:2,1
DA:4,1
DA:5,4
DA:6,4
DA:8,4
DA:9,1
DA:12,3
DA:13,2
DA:15,2
DA:16,1
DA:19,1
DA:21,1
DA:26,1
DA:27,2
DA:28,2
DA:29,1
DA:31,1
DA:35,1
LF:19
LH:19
BRDA:8,0,0,1
BRDA:8,0,1,3
BRDA:15,1,0,1
BRDA:15,1,1,1
BRDA:28,2,0,1
BRDA:28,2,1,1
BRF:6
BRH:6
end_of_record
TN:
SF:src\middlewares\authMiddleware.js
FN:4,(anonymous_0)
FNF:1
FNH:1
FNDA:4,(anonymous_0)
DA:1,1
DA:2,1
DA:4,1
DA:5,4
DA:6,4
DA:7,4
DA:8,2
DA:11,2
DA:13,2
DA:15,1
DA:16,1
DA:20,1
DA:25,1
LF:13
LH:13
BRDA:7,0,0,2
BRDA:7,0,1,2
BRDA:7,1,0,4
BRDA:7,1,1,3
BRF:4
BRH:4
end_of_record
TN:
SF:src\models\apiModel.js
FNF:0
FNH:0
DA:1,1
DA:3,1
DA:23,1
DA:24,1
LF:4
LH:4
BRF:0
BRH:0
end_of_record
TN:
SF:src\models\disputeModel.js
FNF:0
FNH:0
DA:1,1
DA:4,1
DA:78,1
DA:79,1
LF:4
LH:4
BRF:0
BRH:0
end_of_record
TN:
SF:src\models\noticationModel.js
FNF:0
FNH:0
DA:1,1
DA:3,1
DA:13,1
DA:14,1
LF:4
LH:4
BRF:0
BRH:0
end_of_record
TN:
SF:src\models\tranasactionModel.js
FNF:0
FNH:0
DA:1,1
DA:3,1
DA:15,1
LF:3
LH:3
BRF:0
BRH:0
end_of_record
TN:
SF:src\models\userModel.js
FNF:0
FNH:0
DA:1,1
DA:3,1
DA:24,1
DA:44,1
DA:46,1
LF:5
LH:5
BRF:0
BRH:0
end_of_record
TN:
SF:src\repositories\adminRepository.js
FN:7,(anonymous_0)
FN:11,(anonymous_1)
FN:16,(anonymous_2)
FN:21,(anonymous_3)
FN:25,(anonymous_4)
FN:28,(anonymous_5)
FN:33,(anonymous_6)
FN:37,(anonymous_7)
FN:44,(anonymous_8)
FNF:9
FNH:9
FNDA:2,(anonymous_0)
FNDA:1,(anonymous_1)
FNDA:2,(anonymous_2)
FNDA:1,(anonymous_3)
FNDA:1,(anonymous_4)
FNDA:1,(anonymous_5)
FNDA:1,(anonymous_6)
FNDA:4,(anonymous_7)
FNDA:2,(anonymous_8)
DA:1,1
DA:2,1
DA:3,1
DA:4,1
DA:8,2
DA:12,1
DA:17,2
DA:22,1
DA:26,1
DA:29,1
DA:34,1
DA:38,4
DA:39,3
DA:40,2
DA:41,1
DA:45,2
DA:62,1
LF:17
LH:17
BRDA:39,0,0,1
BRDA:39,0,1,2
BRDA:40,1,0,1
BRDA:40,1,1,1
BRDA:40,2,0,2
BRDA:40,2,1,1
BRF:6
BRH:6
end_of_record
TN:
SF:src\repositories\disputesRepository.js
FN:6,(anonymous_0)
FN:10,(anonymous_1)
FN:18,(anonymous_2)
FNF:3
FNH:1
FNDA:2,(anonymous_0)
FNDA:0,(anonymous_1)
FNDA:0,(anonymous_2)
DA:1,1
DA:7,2
DA:11,0
DA:19,0
DA:25,1
LF:5
LH:3
BRF:0
BRH:0
end_of_record
TN:
SF:src\repositories\notificationRepository.js
FN:4,(anonymous_0)
FN:8,(anonymous_1)
FN:12,(anonymous_2)
FNF:3
FNH:3
FNDA:2,(anonymous_0)
FNDA:2,(anonymous_1)
FNDA:2,(anonymous_2)
DA:1,1
DA:5,2
DA:9,2
DA:13,2
DA:19,1
LF:5
LH:5
BRF:0
BRH:0
end_of_record
TN:
SF:src\repositories\transactionRepository.js
FN:5,(anonymous_0)
FN:9,(anonymous_1)
FN:13,(anonymous_2)
FN:17,(anonymous_3)
FN:21,(anonymous_4)
FN:25,(anonymous_5)
FN:29,(anonymous_6)
FN:33,(anonymous_7)
FNF:8
FNH:8
FNDA:2,(anonymous_0)
FNDA:2,(anonymous_1)
FNDA:2,(anonymous_2)
FNDA:1,(anonymous_3)
FNDA:2,(anonymous_4)
FNDA:1,(anonymous_5)
FNDA:2,(anonymous_6)
FNDA:2,(anonymous_7)
DA:1,1
DA:2,1
DA:6,2
DA:10,2
DA:14,2
DA:18,1
DA:22,2
DA:26,1
DA:30,2
DA:34,2
DA:38,1
LF:11
LH:11
BRF:0
BRH:0
end_of_record
TN:
SF:src\repositories\userRepository.js
FN:4,(anonymous_0)
FN:8,(anonymous_1)
FN:12,(anonymous_2)
FN:16,(anonymous_3)
FN:20,(anonymous_4)
FN:24,(anonymous_5)
FN:28,(anonymous_6)
FN:32,(anonymous_7)
FN:36,(anonymous_8)
FN:40,(anonymous_9)
FN:44,(anonymous_10)
FN:48,(anonymous_11)
FN:53,(anonymous_12)
FNF:13
FNH:13
FNDA:2,(anonymous_0)
FNDA:1,(anonymous_1)
FNDA:2,(anonymous_2)
FNDA:1,(anonymous_3)
FNDA:1,(anonymous_4)
FNDA:1,(anonymous_5)
FNDA:1,(anonymous_6)
FNDA:2,(anonymous_7)
FNDA:2,(anonymous_8)
FNDA:1,(anonymous_9)
FNDA:1,(anonymous_10)
FNDA:3,(anonymous_11)
FNDA:2,(anonymous_12)
DA:1,1
DA:5,2
DA:9,1
DA:13,2
DA:17,1
DA:21,1
DA:25,1
DA:29,1
DA:33,2
DA:37,2
DA:41,1
DA:45,1
DA:49,3
DA:50,2
DA:54,2
DA:58,1
LF:16
LH:16
BRDA:50,0,0,1
BRDA:50,0,1,1
BRF:2
BRH:2
end_of_record
TN:
SF:src\services\adminServices.js
FN:13,(anonymous_0)
FN:28,(anonymous_1)
FN:46,(anonymous_2)
FN:47,(anonymous_3)
FN:49,(anonymous_4)
FN:54,(anonymous_5)
FN:66,(anonymous_6)
FN:73,(anonymous_7)
FN:77,(anonymous_8)
FN:83,(anonymous_9)
FN:87,(anonymous_10)
FN:113,(anonymous_11)
FN:117,(anonymous_12)
FNF:13
FNH:13
FNDA:3,(anonymous_0)
FNDA:1,(anonymous_1)
FNDA:1,(anonymous_2)
FNDA:1,(anonymous_3)
FNDA:2,(anonymous_4)
FNDA:2,(anonymous_5)
FNDA:1,(anonymous_6)
FNDA:1,(anonymous_7)
FNDA:2,(anonymous_8)
FNDA:1,(anonymous_9)
FNDA:2,(anonymous_10)
FNDA:1,(anonymous_11)
FNDA:1,(anonymous_12)
DA:1,1
DA:2,1
DA:3,1
DA:4,1
DA:5,1
DA:6,1
DA:7,1
DA:14,3
DA:15,3
DA:16,1
DA:18,2
DA:19,2
DA:20,1
DA:22,1
DA:23,1
DA:25,1
DA:26,1
DA:27,1
DA:28,1
DA:29,1
DA:32,1
DA:38,1
DA:39,1
DA:41,1
DA:43,1
DA:47,1
DA:48,1
DA:49,2
DA:50,1
DA:56,2
DA:57,2
DA:58,1
DA:61,1
DA:62,1
DA:66,1
DA:67,1
DA:70,1
DA:74,1
DA:78,2
DA:79,2
DA:80,1
DA:84,1
DA:88,2
DA:89,2
DA:90,1
DA:91,1
DA:92,0
DA:100,0
DA:108,0
DA:114,1
DA:118,1
DA:121,1
DA:126,1
DA:135,1
DA:140,1
LF:55
LH:52
BRDA:15,0,0,1
BRDA:15,0,1,2
BRDA:15,1,0,3
BRDA:15,1,1,2
BRDA:19,2,0,1
BRDA:19,2,1,1
BRDA:23,3,0,0
BRDA:23,3,1,1
BRDA:57,4,0,1
BRDA:57,4,1,1
BRDA:57,5,0,2
BRDA:57,5,1,1
BRDA:79,6,0,1
BRDA:79,6,1,1
BRDA:89,7,0,1
BRDA:89,7,1,1
BRDA:91,8,0,1
BRDA:91,8,1,0
BRDA:99,9,0,0
BRDA:99,9,1,0
BRF:20
BRH:16
end_of_record
TN:
SF:src\utils\email_checker.js
FN:13,sendMail
FN:14,(anonymous_1)
FN:22,(anonymous_2)
FNF:3
FNH:0
FNDA:0,sendMail
FNDA:0,(anonymous_1)
FNDA:0,(anonymous_2)
DA:2,1
DA:3,1
DA:5,1
DA:14,0
DA:15,0
DA:16,0
DA:18,0
DA:22,1
DA:23,0
DA:74,1
LF:10
LH:5
BRDA:15,0,0,0
BRDA:15,0,1,0
BRDA:54,1,0,0
BRDA:54,1,1,0
BRDA:55,2,0,0
BRDA:55,2,1,0
BRF:6
BRH:0
end_of_record
TN:
SF:src\utils\sendMail.js
FN:4,(anonymous_0)
FNF:1
FNH:0
FNDA:0,(anonymous_0)
DA:1,1
DA:4,1
DA:5,0
LF:3
LH:2
BRF:0
BRH:0
end_of_record
