TN:
SF:src\controllers\disputeController.js
FN:4,(anonymous_0)
FN:14,(anonymous_1)
FN:23,(anonymous_2)
FN:33,(anonymous_3)
FNF:4
FNH:4
FNDA:2,(anonymous_0)
FNDA:2,(anonymous_1)
FNDA:2,(anonymous_2)
FNDA:2,(anonymous_3)
DA:1,1
DA:5,2
DA:6,2
DA:7,1
DA:9,1
DA:15,2
DA:16,2
DA:17,1
DA:19,1
DA:24,2
DA:25,2
DA:26,1
DA:28,1
DA:29,1
DA:34,2
DA:35,2
DA:36,1
DA:38,1
DA:43,1
LF:19
LH:19
BRF:0
BRH:0
end_of_record
TN:
SF:src\controllers\notificationController.js
FN:4,(anonymous_0)
FN:15,(anonymous_1)
FNF:2
FNH:2
FNDA:3,(anonymous_0)
FNDA:2,(anonymous_1)
DA:1,1
DA:5,3
DA:6,3
DA:7,2
DA:9,1
DA:11,1
DA:16,2
DA:17,2
DA:18,1
DA:20,1
DA:26,1
LF:11
LH:11
BRDA:7,0,0,1
BRDA:7,0,1,1
BRF:2
BRH:2
end_of_record
TN:
SF:src\controllers\transactionController.js
FN:4,(anonymous_0)
FN:13,(anonymous_1)
FN:23,(anonymous_2)
FN:32,(anonymous_3)
FNF:4
FNH:4
FNDA:2,(anonymous_0)
FNDA:2,(anonymous_1)
FNDA:2,(anonymous_2)
FNDA:2,(anonymous_3)
DA:1,1
DA:5,2
DA:6,2
DA:7,1
DA:9,1
DA:14,2
DA:15,2
DA:16,2
DA:17,1
DA:19,1
DA:24,2
DA:25,2
DA:26,1
DA:28,1
DA:33,2
DA:34,2
DA:35,1
DA:37,1
DA:42,1
LF:19
LH:19
BRF:0
BRH:0
end_of_record
TN:
SF:src\controllers\userProfileController.js
FN:4,(anonymous_0)
FN:13,(anonymous_1)
FNF:2
FNH:2
FNDA:2,(anonymous_0)
FNDA:2,(anonymous_1)
DA:1,1
DA:5,2
DA:6,2
DA:7,1
DA:9,1
DA:14,2
DA:15,2
DA:16,1
DA:18,1
DA:25,1
LF:10
LH:10
BRF:0
BRH:0
end_of_record
TN:
SF:src\middlewares\protected.js
FN:5,validationUser
FN:21,(anonymous_1)
FNF:2
FNH:1
FNDA:3,validationUser
FNDA:0,(anonymous_1)
DA:1,1
DA:2,1
DA:6,3
DA:7,3
DA:8,3
DA:9,2
DA:10,0
DA:12,2
DA:13,1
DA:15,1
DA:17,2
DA:21,1
DA:22,0
DA:23,0
DA:26,1
LF:15
LH:12
BRDA:9,0,0,0
BRDA:9,0,1,2
BRF:2
BRH:1
end_of_record
TN:
SF:src\models\disputeModel.js
FNF:0
FNH:0
DA:1,1
DA:4,1
DA:78,1
DA:79,1
LF:4
LH:4
BRF:0
BRH:0
end_of_record
TN:
SF:src\models\noticationModel.js
FNF:0
FNH:0
DA:1,1
DA:3,1
DA:13,1
DA:14,1
LF:4
LH:4
BRF:0
BRH:0
end_of_record
TN:
SF:src\models\tranasactionModel.js
FNF:0
FNH:0
DA:1,1
DA:3,1
DA:15,1
LF:3
LH:3
BRF:0
BRH:0
end_of_record
TN:
SF:src\models\userModel.js
FNF:0
FNH:0
DA:1,1
DA:3,1
DA:24,1
DA:44,1
DA:46,1
LF:5
LH:5
BRF:0
BRH:0
end_of_record
TN:
SF:src\repositories\disputesRepository.js
FN:7,(anonymous_0)
FN:11,(anonymous_1)
FN:15,(anonymous_2)
FN:19,(anonymous_3)
FN:23,(anonymous_4)
FN:27,(anonymous_5)
FN:31,(anonymous_6)
FN:35,(anonymous_7)
FN:39,(anonymous_8)
FN:43,(anonymous_9)
FN:46,(anonymous_10)
FN:53,(anonymous_11)
FN:61,(anonymous_12)
FNF:13
FNH:12
FNDA:1,(anonymous_0)
FNDA:1,(anonymous_1)
FNDA:1,(anonymous_2)
FNDA:1,(anonymous_3)
FNDA:1,(anonymous_4)
FNDA:1,(anonymous_5)
FNDA:1,(anonymous_6)
FNDA:1,(anonymous_7)
FNDA:1,(anonymous_8)
FNDA:1,(anonymous_9)
FNDA:1,(anonymous_10)
FNDA:1,(anonymous_11)
FNDA:0,(anonymous_12)
DA:1,1
DA:2,1
DA:3,1
DA:4,1
DA:8,1
DA:12,1
DA:16,1
DA:20,1
DA:24,1
DA:28,1
DA:32,1
DA:36,1
DA:40,1
DA:44,1
DA:48,1
DA:49,1
DA:51,1
DA:54,1
DA:62,0
DA:66,1
LF:20
LH:19
BRF:0
BRH:0
end_of_record
TN:
SF:src\repositories\notificationRepository.js
FN:4,(anonymous_0)
FN:8,(anonymous_1)
FN:12,(anonymous_2)
FNF:3
FNH:3
FNDA:2,(anonymous_0)
FNDA:2,(anonymous_1)
FNDA:2,(anonymous_2)
DA:1,1
DA:5,2
DA:9,2
DA:13,2
DA:19,1
LF:5
LH:5
BRF:0
BRH:0
end_of_record
TN:
SF:src\repositories\transactionRepository.js
FN:5,(anonymous_0)
FN:9,(anonymous_1)
FN:13,(anonymous_2)
FN:17,(anonymous_3)
FN:21,(anonymous_4)
FN:25,(anonymous_5)
FN:29,(anonymous_6)
FN:33,(anonymous_7)
FNF:8
FNH:8
FNDA:2,(anonymous_0)
FNDA:2,(anonymous_1)
FNDA:2,(anonymous_2)
FNDA:1,(anonymous_3)
FNDA:2,(anonymous_4)
FNDA:2,(anonymous_5)
FNDA:2,(anonymous_6)
FNDA:2,(anonymous_7)
DA:1,1
DA:2,1
DA:6,2
DA:10,2
DA:14,2
DA:18,1
DA:22,2
DA:26,2
DA:30,2
DA:34,2
DA:38,1
LF:11
LH:11
BRF:0
BRH:0
end_of_record
TN:
SF:src\repositories\userProfileRepository.js
FN:4,(anonymous_0)
FN:8,(anonymous_1)
FN:12,(anonymous_2)
FNF:3
FNH:3
FNDA:2,(anonymous_0)
FNDA:2,(anonymous_1)
FNDA:2,(anonymous_2)
DA:1,1
DA:5,2
DA:9,2
DA:13,2
DA:17,1
LF:5
LH:5
BRF:0
BRH:0
end_of_record
TN:
SF:src\repositories\userRepository.js
FN:4,(anonymous_0)
FN:8,(anonymous_1)
FN:12,(anonymous_2)
FN:16,(anonymous_3)
FN:20,(anonymous_4)
FN:24,(anonymous_5)
FN:28,(anonymous_6)
FN:32,(anonymous_7)
FN:36,(anonymous_8)
FN:40,(anonymous_9)
FN:44,(anonymous_10)
FN:48,(anonymous_11)
FN:53,(anonymous_12)
FNF:13
FNH:13
FNDA:2,(anonymous_0)
FNDA:1,(anonymous_1)
FNDA:2,(anonymous_2)
FNDA:1,(anonymous_3)
FNDA:1,(anonymous_4)
FNDA:1,(anonymous_5)
FNDA:1,(anonymous_6)
FNDA:2,(anonymous_7)
FNDA:2,(anonymous_8)
FNDA:1,(anonymous_9)
FNDA:1,(anonymous_10)
FNDA:3,(anonymous_11)
FNDA:2,(anonymous_12)
DA:1,1
DA:5,2
DA:9,1
DA:13,2
DA:17,1
DA:21,1
DA:25,1
DA:29,1
DA:33,2
DA:37,2
DA:41,1
DA:45,1
DA:49,3
DA:50,2
DA:54,2
DA:58,1
LF:16
LH:16
BRDA:50,0,0,1
BRDA:50,0,1,1
BRF:2
BRH:2
end_of_record
TN:
SF:src\services\disputeServices.js
FN:9,(anonymous_0)
FN:76,(anonymous_1)
FN:77,(anonymous_2)
FN:94,(anonymous_3)
FN:98,(anonymous_4)
FN:102,(anonymous_5)
FN:106,(anonymous_6)
FN:110,(anonymous_7)
FNF:8
FNH:7
FNDA:6,(anonymous_0)
FNDA:1,(anonymous_1)
FNDA:0,(anonymous_2)
FNDA:1,(anonymous_3)
FNDA:1,(anonymous_4)
FNDA:1,(anonymous_5)
FNDA:1,(anonymous_6)
FNDA:1,(anonymous_7)
DA:1,1
DA:2,1
DA:3,1
DA:4,1
DA:10,6
DA:11,6
DA:12,6
DA:14,5
DA:15,5
DA:16,5
DA:18,4
DA:19,1
DA:22,3
DA:23,3
DA:24,3
DA:25,2
DA:26,2
DA:28,2
DA:29,2
DA:31,2
DA:32,1
DA:33,1
DA:35,1
DA:37,1
DA:39,1
DA:48,2
DA:50,2
DA:58,2
DA:66,2
DA:67,2
DA:69,2
DA:70,1
DA:71,1
DA:73,1
DA:77,1
DA:78,0
DA:79,0
DA:80,0
DA:81,0
DA:84,0
DA:95,1
DA:99,1
DA:103,1
DA:107,1
DA:111,1
DA:112,1
DA:113,0
DA:118,1
LF:48
LH:42
BRDA:12,0,0,1
BRDA:12,0,1,5
BRDA:16,1,0,1
BRDA:16,1,1,4
BRDA:18,2,0,1
BRDA:18,2,1,3
BRDA:18,3,0,4
BRDA:18,3,1,1
BRDA:24,4,0,1
BRDA:24,4,1,2
BRDA:31,5,0,1
BRDA:31,5,1,1
BRDA:33,6,0,0
BRDA:33,6,1,1
BRDA:62,7,0,1
BRDA:62,7,1,1
BRDA:67,8,0,1
BRDA:67,8,1,1
BRDA:69,9,0,1
BRDA:69,9,1,1
BRDA:69,10,0,2
BRDA:69,10,1,1
BRDA:81,11,0,0
BRDA:81,11,1,0
BRDA:112,12,0,1
BRDA:112,12,1,0
BRF:26
BRH:22
end_of_record
TN:
SF:src\services\notificationServices.js
FN:4,(anonymous_0)
FN:8,(anonymous_1)
FN:14,(anonymous_2)
FNF:3
FNH:3
FNDA:2,(anonymous_0)
FNDA:3,(anonymous_1)
FNDA:3,(anonymous_2)
DA:1,1
DA:5,2
DA:9,3
DA:10,2
DA:15,3
DA:16,2
DA:17,1
DA:21,1
LF:8
LH:8
BRDA:10,0,0,2
BRDA:10,0,1,1
BRDA:16,1,0,1
BRDA:16,1,1,1
BRF:4
BRH:4
end_of_record
TN:
SF:src\services\transactionServices.js
FN:6,(anonymous_0)
FN:57,(anonymous_1)
FN:60,(anonymous_2)
FN:76,(anonymous_3)
FN:82,(anonymous_4)
FNF:5
FNH:5
FNDA:6,(anonymous_0)
FNDA:3,(anonymous_1)
FNDA:2,(anonymous_2)
FNDA:2,(anonymous_3)
FNDA:2,(anonymous_4)
DA:1,1
DA:2,1
DA:7,6
DA:8,6
DA:9,6
DA:11,6
DA:12,5
DA:13,4
DA:16,3
DA:17,3
DA:18,3
DA:20,3
DA:33,3
DA:35,3
DA:36,2
DA:49,2
DA:52,3
DA:54,3
DA:58,3
DA:59,3
DA:60,2
DA:62,2
DA:63,1
DA:70,1
DA:71,1
DA:73,1
DA:77,2
DA:78,2
DA:79,1
DA:83,2
DA:87,1
LF:31
LH:31
BRDA:11,0,0,1
BRDA:11,0,1,5
BRDA:12,1,0,1
BRDA:12,1,1,4
BRDA:13,2,0,1
BRDA:13,2,1,3
BRDA:16,3,0,2
BRDA:16,3,1,1
BRDA:17,4,0,1
BRDA:17,4,1,2
BRDA:35,5,0,2
BRDA:35,5,1,1
BRDA:60,6,0,2
BRDA:60,6,1,1
BRDA:62,7,0,1
BRDA:62,7,1,1
BRDA:62,8,0,2
BRDA:62,8,1,2
BRDA:78,9,0,1
BRDA:78,9,1,1
BRF:20
BRH:20
end_of_record
TN:
SF:src\services\userProfileServices.js
FN:5,(anonymous_0)
FN:11,(anonymous_1)
FNF:2
FNH:2
FNDA:2,(anonymous_0)
FNDA:2,(anonymous_1)
DA:1,1
DA:2,1
DA:6,2
DA:7,2
DA:8,1
DA:12,2
DA:13,2
DA:14,1
DA:19,1
LF:9
LH:9
BRDA:7,0,0,1
BRDA:7,0,1,1
BRDA:13,1,0,1
BRDA:13,1,1,1
BRF:4
BRH:4
end_of_record
TN:
SF:src\utils\email_checker.js
FN:13,sendMail
FN:14,(anonymous_1)
FN:22,(anonymous_2)
FNF:3
FNH:2
FNDA:4,sendMail
FNDA:0,(anonymous_1)
FNDA:3,(anonymous_2)
DA:2,1
DA:3,1
DA:5,1
DA:14,4
DA:15,0
DA:16,0
DA:18,0
DA:22,1
DA:23,3
DA:74,1
LF:10
LH:7
BRDA:15,0,0,0
BRDA:15,0,1,0
BRDA:54,1,0,3
BRDA:54,1,1,0
BRDA:55,2,0,3
BRDA:55,2,1,0
BRF:6
BRH:2
end_of_record
TN:
SF:src\utils\sendMail.js
FN:4,(anonymous_0)
FNF:1
FNH:1
FNDA:3,(anonymous_0)
DA:1,1
DA:4,1
DA:5,3
LF:3
LH:3
BRF:0
BRH:0
end_of_record
