TN:
SF:src\controllers\chatbotController.js
FN:5,(anonymous_0)
FN:30,(anonymous_1)
FN:52,(anonymous_2)
FNF:3
FNH:3
FNDA:3,(anonymous_0)
FNDA:3,(anonymous_1)
FNDA:4,(anonymous_2)
DA:2,1
DA:6,3
DA:7,3
DA:10,3
DA:11,3
DA:12,1
DA:18,2
DA:19,1
DA:21,1
DA:22,1
DA:31,3
DA:32,3
DA:33,3
DA:34,1
DA:40,2
DA:41,1
DA:43,1
DA:44,1
DA:53,4
DA:54,4
DA:55,4
DA:56,1
DA:62,3
DA:63,2
DA:67,2
DA:72,1
DA:73,1
DA:82,1
LF:28
LH:28
BRDA:11,0,0,1
BRDA:11,0,1,2
BRDA:33,1,0,1
BRDA:33,1,1,2
BRDA:55,2,0,1
BRDA:55,2,1,3
BRDA:63,3,0,1
BRDA:63,3,1,1
BRF:8
BRH:8
end_of_record
TN:
SF:src\controllers\userController.js
FN:5,(anonymous_0)
FN:14,(anonymous_1)
FN:24,(anonymous_2)
FN:33,(anonymous_3)
FN:42,(anonymous_4)
FN:51,(anonymous_5)
FN:60,(anonymous_6)
FN:69,(anonymous_7)
FN:79,(anonymous_8)
FNF:9
FNH:8
FNDA:2,(anonymous_0)
FNDA:2,(anonymous_1)
FNDA:2,(anonymous_2)
FNDA:2,(anonymous_3)
FNDA:2,(anonymous_4)
FNDA:2,(anonymous_5)
FNDA:2,(anonymous_6)
FNDA:2,(anonymous_7)
FNDA:0,(anonymous_8)
DA:1,1
DA:6,2
DA:7,2
DA:8,1
DA:10,1
DA:15,2
DA:16,2
DA:17,2
DA:18,1
DA:20,1
DA:25,2
DA:26,2
DA:27,1
DA:29,1
DA:34,2
DA:35,2
DA:36,1
DA:38,1
DA:43,2
DA:44,2
DA:45,1
DA:47,1
DA:52,2
DA:53,2
DA:54,1
DA:56,1
DA:61,2
DA:62,2
DA:63,1
DA:65,1
DA:70,2
DA:71,2
DA:72,2
DA:73,1
DA:75,1
DA:80,0
DA:81,0
DA:82,0
DA:84,0
DA:89,1
LF:40
LH:36
BRF:0
BRH:0
end_of_record
TN:
SF:src\middlewares\authUsers.js
FN:7,(anonymous_0)
FN:26,(anonymous_1)
FN:27,(anonymous_2)
FNF:3
FNH:3
FNDA:3,(anonymous_0)
FNDA:3,(anonymous_1)
FNDA:3,(anonymous_2)
DA:1,1
DA:2,1
DA:7,1
DA:8,3
DA:9,3
DA:11,0
DA:12,0
DA:15,0
DA:16,0
DA:17,0
DA:19,3
DA:26,1
DA:27,3
DA:28,3
DA:29,2
DA:31,1
DA:35,1
LF:17
LH:12
BRDA:11,0,0,0
BRDA:11,0,1,0
BRDA:28,1,0,2
BRDA:28,1,1,1
BRF:4
BRH:2
end_of_record
TN:
SF:src\middlewares\protected.js
FN:5,validationUser
FN:22,(anonymous_1)
FNF:2
FNH:1
FNDA:3,validationUser
FNDA:0,(anonymous_1)
DA:1,1
DA:2,1
DA:6,3
DA:7,3
DA:9,3
DA:10,2
DA:11,0
DA:13,2
DA:14,1
DA:16,1
DA:18,2
DA:22,1
DA:23,0
DA:24,0
DA:27,1
LF:15
LH:12
BRDA:10,0,0,0
BRDA:10,0,1,2
BRF:2
BRH:1
end_of_record
TN:
SF:src\models\disputeModel.js
FNF:0
FNH:0
DA:1,1
DA:4,1
DA:78,1
DA:79,1
LF:4
LH:4
BRF:0
BRH:0
end_of_record
TN:
SF:src\models\noticationModel.js
FNF:0
FNH:0
DA:1,1
DA:3,1
DA:13,1
DA:14,1
LF:4
LH:4
BRF:0
BRH:0
end_of_record
TN:
SF:src\models\tranasactionModel.js
FNF:0
FNH:0
DA:1,1
DA:3,1
DA:15,1
LF:3
LH:3
BRF:0
BRH:0
end_of_record
TN:
SF:src\models\userModel.js
FNF:0
FNH:0
DA:1,1
DA:3,1
DA:24,1
DA:44,1
DA:46,1
LF:5
LH:5
BRF:0
BRH:0
end_of_record
TN:
SF:src\repositories\disputesRepository.js
FN:7,(anonymous_0)
FN:11,(anonymous_1)
FN:15,(anonymous_2)
FN:19,(anonymous_3)
FN:23,(anonymous_4)
FN:27,(anonymous_5)
FN:31,(anonymous_6)
FN:35,(anonymous_7)
FN:39,(anonymous_8)
FN:43,(anonymous_9)
FN:46,(anonymous_10)
FN:53,(anonymous_11)
FN:61,(anonymous_12)
FNF:13
FNH:12
FNDA:1,(anonymous_0)
FNDA:1,(anonymous_1)
FNDA:1,(anonymous_2)
FNDA:1,(anonymous_3)
FNDA:1,(anonymous_4)
FNDA:1,(anonymous_5)
FNDA:1,(anonymous_6)
FNDA:1,(anonymous_7)
FNDA:1,(anonymous_8)
FNDA:1,(anonymous_9)
FNDA:1,(anonymous_10)
FNDA:1,(anonymous_11)
FNDA:0,(anonymous_12)
DA:1,1
DA:2,1
DA:3,1
DA:4,1
DA:8,1
DA:12,1
DA:16,1
DA:20,1
DA:24,1
DA:28,1
DA:32,1
DA:36,1
DA:40,1
DA:44,1
DA:48,1
DA:49,1
DA:51,1
DA:54,1
DA:62,0
DA:66,1
LF:20
LH:19
BRF:0
BRH:0
end_of_record
TN:
SF:src\repositories\notificationRepository.js
FN:4,(anonymous_0)
FN:8,(anonymous_1)
FN:12,(anonymous_2)
FNF:3
FNH:3
FNDA:2,(anonymous_0)
FNDA:2,(anonymous_1)
FNDA:2,(anonymous_2)
DA:1,1
DA:5,2
DA:9,2
DA:13,2
DA:19,1
LF:5
LH:5
BRF:0
BRH:0
end_of_record
TN:
SF:src\repositories\userRepository.js
FN:4,(anonymous_0)
FN:8,(anonymous_1)
FN:12,(anonymous_2)
FN:16,(anonymous_3)
FN:20,(anonymous_4)
FN:24,(anonymous_5)
FN:28,(anonymous_6)
FN:32,(anonymous_7)
FN:36,(anonymous_8)
FN:40,(anonymous_9)
FN:44,(anonymous_10)
FN:48,(anonymous_11)
FN:52,(anonymous_12)
FN:57,(anonymous_13)
FNF:14
FNH:13
FNDA:2,(anonymous_0)
FNDA:1,(anonymous_1)
FNDA:2,(anonymous_2)
FNDA:1,(anonymous_3)
FNDA:0,(anonymous_4)
FNDA:1,(anonymous_5)
FNDA:3,(anonymous_6)
FNDA:1,(anonymous_7)
FNDA:2,(anonymous_8)
FNDA:2,(anonymous_9)
FNDA:1,(anonymous_10)
FNDA:1,(anonymous_11)
FNDA:3,(anonymous_12)
FNDA:2,(anonymous_13)
DA:1,1
DA:5,2
DA:9,1
DA:13,2
DA:17,1
DA:21,0
DA:25,1
DA:29,3
DA:33,1
DA:37,2
DA:41,2
DA:45,1
DA:49,1
DA:53,3
DA:54,2
DA:58,2
DA:62,1
LF:17
LH:16
BRDA:54,0,0,1
BRDA:54,0,1,1
BRF:2
BRH:2
end_of_record
TN:
SF:src\services\chatbotServices.js
FN:6,(anonymous_0)
FN:9,(anonymous_1)
FN:15,(anonymous_2)
FN:21,(anonymous_3)
FN:27,(anonymous_4)
FN:32,(anonymous_5)
FN:41,(anonymous_6)
FN:78,(anonymous_7)
FN:101,(anonymous_8)
FN:110,(anonymous_9)
FN:111,(anonymous_10)
FN:112,(anonymous_11)
FN:113,(anonymous_12)
FN:114,(anonymous_13)
FN:115,(anonymous_14)
FN:116,(anonymous_15)
FN:117,(anonymous_16)
FN:118,(anonymous_17)
FN:124,(anonymous_18)
FN:140,(anonymous_19)
FN:153,(anonymous_20)
FN:166,(anonymous_21)
FN:179,(anonymous_22)
FN:192,(anonymous_23)
FN:205,(anonymous_24)
FN:218,(anonymous_25)
FN:234,(anonymous_26)
FN:240,(anonymous_27)
FN:286,(anonymous_28)
FN:290,(anonymous_29)
FN:294,(anonymous_30)
FNF:31
FNH:22
FNDA:1,(anonymous_0)
FNDA:3,(anonymous_1)
FNDA:0,(anonymous_2)
FNDA:4,(anonymous_3)
FNDA:3,(anonymous_4)
FNDA:4,(anonymous_5)
FNDA:10,(anonymous_6)
FNDA:4,(anonymous_7)
FNDA:10,(anonymous_8)
FNDA:4,(anonymous_9)
FNDA:1,(anonymous_10)
FNDA:1,(anonymous_11)
FNDA:0,(anonymous_12)
FNDA:1,(anonymous_13)
FNDA:0,(anonymous_14)
FNDA:0,(anonymous_15)
FNDA:0,(anonymous_16)
FNDA:1,(anonymous_17)
FNDA:4,(anonymous_18)
FNDA:1,(anonymous_19)
FNDA:1,(anonymous_20)
FNDA:3,(anonymous_21)
FNDA:1,(anonymous_22)
FNDA:0,(anonymous_23)
FNDA:4,(anonymous_24)
FNDA:0,(anonymous_25)
FNDA:1,(anonymous_26)
FNDA:3,(anonymous_27)
FNDA:0,(anonymous_28)
FNDA:0,(anonymous_29)
FNDA:2,(anonymous_30)
DA:2,1
DA:3,1
DA:7,1
DA:8,1
DA:10,3
DA:11,3
DA:16,0
DA:17,0
DA:22,4
DA:23,4
DA:28,3
DA:33,4
DA:34,4
DA:43,10
DA:44,0
DA:46,0
DA:49,0
DA:53,10
DA:54,9
DA:58,10
DA:63,10
DA:66,10
DA:75,10
DA:79,4
DA:80,4
DA:81,2
DA:82,1
DA:85,1
DA:92,1
DA:96,2
DA:97,2
DA:102,10
DA:103,10
DA:104,0
DA:107,10
DA:109,10
DA:110,4
DA:111,1
DA:112,1
DA:113,0
DA:114,1
DA:115,0
DA:116,0
DA:117,0
DA:118,1
DA:121,10
DA:125,4
DA:126,4
DA:127,2
DA:130,2
DA:131,1
DA:132,1
DA:136,1
DA:141,1
DA:142,1
DA:143,0
DA:146,1
DA:147,1
DA:148,1
DA:154,1
DA:155,1
DA:156,0
DA:159,1
DA:160,1
DA:161,1
DA:167,3
DA:168,3
DA:169,2
DA:172,1
DA:173,1
DA:174,1
DA:180,1
DA:181,1
DA:182,0
DA:185,1
DA:186,1
DA:187,1
DA:193,0
DA:194,0
DA:195,0
DA:198,0
DA:199,0
DA:200,0
DA:206,4
DA:207,4
DA:208,1
DA:211,3
DA:212,3
DA:213,3
DA:219,0
DA:220,0
DA:221,0
DA:224,0
DA:225,0
DA:226,0
DA:230,0
DA:235,1
DA:236,1
DA:241,3
DA:242,3
DA:243,3
DA:244,3
DA:247,3
DA:248,0
DA:252,3
DA:259,3
DA:260,3
DA:261,2
DA:264,2
DA:265,2
DA:267,2
DA:273,1
DA:278,1
DA:287,0
DA:291,0
DA:296,2
DA:297,2
DA:298,2
DA:301,2
DA:307,1
LF:120
LH:91
BRDA:11,0,0,1
BRDA:11,0,1,2
BRDA:11,1,0,3
BRDA:11,1,1,3
BRDA:11,1,2,1
BRDA:17,2,0,0
BRDA:17,2,1,0
BRDA:17,3,0,0
BRDA:17,3,1,0
BRDA:23,4,0,3
BRDA:23,4,1,1
BRDA:23,5,0,4
BRDA:23,5,1,3
BRDA:28,6,0,3
BRDA:28,6,1,0
BRDA:34,7,0,2
BRDA:34,7,1,2
BRDA:34,8,0,4
BRDA:34,8,1,3
BRDA:43,9,0,0
BRDA:43,9,1,10
BRDA:53,10,0,9
BRDA:53,10,1,1
BRDA:81,11,0,1
BRDA:81,11,1,1
BRDA:103,12,0,0
BRDA:103,12,1,10
BRDA:121,13,0,8
BRDA:121,13,1,2
BRDA:126,14,0,2
BRDA:126,14,1,2
BRDA:130,15,0,1
BRDA:130,15,1,1
BRDA:142,16,0,0
BRDA:142,16,1,1
BRDA:155,17,0,0
BRDA:155,17,1,1
BRDA:168,18,0,2
BRDA:168,18,1,1
BRDA:181,19,0,0
BRDA:181,19,1,1
BRDA:194,20,0,0
BRDA:194,20,1,0
BRDA:207,21,0,1
BRDA:207,21,1,3
BRDA:220,22,0,0
BRDA:220,22,1,0
BRDA:224,23,0,0
BRDA:224,23,1,0
BRDA:235,24,0,1
BRDA:235,24,1,0
BRDA:247,25,0,0
BRDA:247,25,1,3
BRDA:247,26,0,3
BRDA:247,26,1,1
BRDA:291,27,0,0
BRDA:291,27,1,0
BRDA:296,28,0,2
BRDA:296,28,1,0
BRF:59
BRH:38
end_of_record
TN:
SF:src\services\disputeServices.js
FN:9,(anonymous_0)
FN:77,(anonymous_1)
FN:78,(anonymous_2)
FN:95,(anonymous_3)
FN:99,(anonymous_4)
FN:103,(anonymous_5)
FN:107,(anonymous_6)
FN:111,(anonymous_7)
FNF:8
FNH:7
FNDA:6,(anonymous_0)
FNDA:1,(anonymous_1)
FNDA:0,(anonymous_2)
FNDA:1,(anonymous_3)
FNDA:1,(anonymous_4)
FNDA:1,(anonymous_5)
FNDA:1,(anonymous_6)
FNDA:1,(anonymous_7)
DA:1,1
DA:2,1
DA:3,1
DA:4,1
DA:10,6
DA:11,6
DA:12,6
DA:14,5
DA:15,5
DA:16,5
DA:18,4
DA:19,1
DA:22,3
DA:23,3
DA:24,3
DA:25,2
DA:26,2
DA:27,2
DA:29,2
DA:30,2
DA:32,2
DA:33,1
DA:34,1
DA:36,1
DA:38,1
DA:40,1
DA:49,2
DA:51,2
DA:59,2
DA:67,2
DA:68,2
DA:70,2
DA:71,1
DA:72,1
DA:74,1
DA:78,1
DA:79,0
DA:80,0
DA:81,0
DA:82,0
DA:85,0
DA:96,1
DA:100,1
DA:104,1
DA:108,1
DA:112,1
DA:116,1
LF:47
LH:42
BRDA:12,0,0,1
BRDA:12,0,1,5
BRDA:16,1,0,1
BRDA:16,1,1,4
BRDA:18,2,0,1
BRDA:18,2,1,3
BRDA:18,3,0,4
BRDA:18,3,1,1
BRDA:24,4,0,1
BRDA:24,4,1,2
BRDA:32,5,0,1
BRDA:32,5,1,1
BRDA:34,6,0,0
BRDA:34,6,1,1
BRDA:63,7,0,1
BRDA:63,7,1,1
BRDA:68,8,0,1
BRDA:68,8,1,1
BRDA:70,9,0,1
BRDA:70,9,1,1
BRDA:70,10,0,2
BRDA:70,10,1,1
BRDA:82,11,0,0
BRDA:82,11,1,0
BRF:24
BRH:21
end_of_record
TN:
SF:src\services\userServices.js
FN:8,(anonymous_0)
FN:12,(anonymous_1)
FN:28,(anonymous_2)
FN:44,(anonymous_3)
FN:48,(anonymous_4)
FN:52,(anonymous_5)
FN:56,(anonymous_6)
FN:60,(anonymous_7)
FN:64,(anonymous_8)
FN:72,(anonymous_9)
FN:93,(anonymous_10)
FNF:11
FNH:9
FNDA:1,(anonymous_0)
FNDA:3,(anonymous_1)
FNDA:3,(anonymous_2)
FNDA:1,(anonymous_3)
FNDA:1,(anonymous_4)
FNDA:0,(anonymous_5)
FNDA:1,(anonymous_6)
FNDA:0,(anonymous_7)
FNDA:2,(anonymous_8)
FNDA:2,(anonymous_9)
FNDA:2,(anonymous_10)
DA:1,1
DA:2,1
DA:3,1
DA:4,1
DA:5,1
DA:9,1
DA:13,3
DA:15,3
DA:16,1
DA:19,2
DA:20,1
DA:21,1
DA:24,1
DA:25,1
DA:29,3
DA:30,3
DA:31,1
DA:34,2
DA:35,1
DA:38,1
DA:41,1
DA:45,1
DA:49,1
DA:53,0
DA:57,1
DA:61,0
DA:65,2
DA:66,2
DA:68,1
DA:69,1
DA:73,2
DA:74,2
DA:76,1
DA:77,1
DA:79,1
DA:84,1
DA:90,1
DA:94,2
DA:95,1
DA:98,1
DA:99,1
DA:101,1
DA:105,1
LF:43
LH:41
BRDA:15,0,0,1
BRDA:15,0,1,2
BRDA:19,1,0,1
BRDA:19,1,1,1
BRDA:21,2,0,1
BRDA:21,2,1,0
BRDA:30,3,0,1
BRDA:30,3,1,2
BRDA:34,4,0,1
BRDA:34,4,1,1
BRDA:66,5,0,1
BRDA:66,5,1,1
BRDA:74,6,0,1
BRDA:74,6,1,1
BRDA:94,7,0,1
BRDA:94,7,1,1
BRDA:94,8,0,2
BRDA:94,8,1,2
BRF:18
BRH:17
end_of_record
TN:
SF:src\utils\email_checker.js
FN:13,sendMail
FN:14,(anonymous_1)
FN:22,(anonymous_2)
FNF:3
FNH:2
FNDA:3,sendMail
FNDA:0,(anonymous_1)
FNDA:3,(anonymous_2)
DA:2,1
DA:3,1
DA:5,1
DA:14,3
DA:15,0
DA:16,0
DA:18,0
DA:22,1
DA:23,3
DA:74,1
LF:10
LH:7
BRDA:15,0,0,0
BRDA:15,0,1,0
BRDA:54,1,0,3
BRDA:54,1,1,0
BRDA:55,2,0,3
BRDA:55,2,1,0
BRF:6
BRH:2
end_of_record
TN:
SF:src\utils\sendMail.js
FN:4,(anonymous_0)
FNF:1
FNH:1
FNDA:3,(anonymous_0)
DA:1,1
DA:4,1
DA:5,3
LF:3
LH:3
BRF:0
BRH:0
end_of_record
