{"C:\\Users\\Reegan.S\\OneDrive - Brillio\\JS\\Project-branches\\Main\\FDMS\\FD\\client\\server\\main.js": {"path":"C:\\Users\\Reegan.S\\OneDrive - Brillio\\JS\\Project-branches\\Main\\FDMS\\FD\\client\\server\\main.js","all":false,"statementMap":{"0":{"start":{"line":1,"column":0},"end":{"line":1,"column":52}},"1":{"start":{"line":2,"column":0},"end":{"line":2,"column":0}},"2":{"start":{"line":3,"column":0},"end":{"line":3,"column":21}},"3":{"start":{"line":4,"column":0},"end":{"line":4,"column":0}},"4":{"start":{"line":5,"column":0},"end":{"line":5,"column":52}},"5":{"start":{"line":6,"column":0},"end":{"line":6,"column":50}},"6":{"start":{"line":7,"column":0},"end":{"line":7,"column":35}},"7":{"start":{"line":8,"column":0},"end":{"line":8,"column":28}},"8":{"start":{"line":9,"column":0},"end":{"line":9,"column":53}},"9":{"start":{"line":10,"column":0},"end":{"line":10,"column":2}},"10":{"start":{"line":11,"column":0},"end":{"line":11,"column":0}},"11":{"start":{"line":12,"column":0},"end":{"line":12,"column":22}},"12":{"start":{"line":13,"column":0},"end":{"line":13,"column":56}},"13":{"start":{"line":14,"column":0},"end":{"line":14,"column":2}},"14":{"start":{"line":15,"column":0},"end":{"line":15,"column":0}},"15":{"start":{"line":16,"column":0},"end":{"line":16,"column":0}},"16":{"start":{"line":17,"column":0},"end":{"line":17,"column":19}}},"s":{"0":1,"1":1,"2":1,"3":1,"4":1,"5":1,"6":1,"7":1,"8":2,"9":2,"10":1,"11":1,"12":1,"13":1,"14":1,"15":1,"16":1},"branchMap":{"0":{"type":"branch","line":8,"loc":{"start":{"line":8,"column":13},"end":{"line":10,"column":2}},"locations":[{"start":{"line":8,"column":13},"end":{"line":10,"column":2}}]},"1":{"type":"branch","line":12,"loc":{"start":{"line":12,"column":15},"end":{"line":14,"column":2}},"locations":[{"start":{"line":12,"column":15},"end":{"line":14,"column":2}}]}},"b":{"0":[2],"1":[1]},"fnMap":{},"f":{}}
,"C:\\Users\\Reegan.S\\OneDrive - Brillio\\JS\\Project-branches\\Main\\FDMS\\FD\\client\\src\\App.jsx": {"path":"C:\\Users\\Reegan.S\\OneDrive - Brillio\\JS\\Project-branches\\Main\\FDMS\\FD\\client\\src\\App.jsx","all":false,"statementMap":{"0":{"start":{"line":1,"column":0},"end":{"line":1,"column":19}},"1":{"start":{"line":2,"column":0},"end":{"line":2,"column":87}},"2":{"start":{"line":3,"column":0},"end":{"line":3,"column":35}},"3":{"start":{"line":4,"column":0},"end":{"line":4,"column":63}},"6":{"start":{"line":7,"column":0},"end":{"line":7,"column":46}},"7":{"start":{"line":8,"column":0},"end":{"line":8,"column":49}},"8":{"start":{"line":9,"column":0},"end":{"line":9,"column":48}},"9":{"start":{"line":10,"column":0},"end":{"line":10,"column":57}},"10":{"start":{"line":11,"column":0},"end":{"line":11,"column":58}},"11":{"start":{"line":12,"column":0},"end":{"line":12,"column":83}},"12":{"start":{"line":13,"column":0},"end":{"line":13,"column":69}},"13":{"start":{"line":14,"column":0},"end":{"line":14,"column":55}},"14":{"start":{"line":15,"column":0},"end":{"line":15,"column":67}},"15":{"start":{"line":16,"column":0},"end":{"line":16,"column":58}},"16":{"start":{"line":17,"column":0},"end":{"line":17,"column":71}},"17":{"start":{"line":18,"column":0},"end":{"line":18,"column":73}},"18":{"start":{"line":19,"column":0},"end":{"line":19,"column":76}},"19":{"start":{"line":20,"column":0},"end":{"line":20,"column":75}},"20":{"start":{"line":21,"column":0},"end":{"line":21,"column":57}},"21":{"start":{"line":22,"column":0},"end":{"line":22,"column":69}},"24":{"start":{"line":25,"column":0},"end":{"line":25,"column":42}},"25":{"start":{"line":26,"column":0},"end":{"line":26,"column":47}},"26":{"start":{"line":27,"column":0},"end":{"line":27,"column":33}},"27":{"start":{"line":28,"column":0},"end":{"line":28,"column":27}},"29":{"start":{"line":30,"column":0},"end":{"line":30,"column":15}},"31":{"start":{"line":32,"column":0},"end":{"line":32,"column":71}},"32":{"start":{"line":33,"column":0},"end":{"line":33,"column":3}},"34":{"start":{"line":35,"column":0},"end":{"line":35,"column":18}},"35":{"start":{"line":36,"column":0},"end":{"line":36,"column":2}},"37":{"start":{"line":38,"column":0},"end":{"line":38,"column":16}},"38":{"start":{"line":39,"column":0},"end":{"line":39,"column":10}},"39":{"start":{"line":40,"column":0},"end":{"line":40,"column":19}},"40":{"start":{"line":41,"column":0},"end":{"line":41,"column":14}},"42":{"start":{"line":43,"column":0},"end":{"line":43,"column":49}},"43":{"start":{"line":44,"column":0},"end":{"line":44,"column":55}},"44":{"start":{"line":45,"column":0},"end":{"line":45,"column":55}},"45":{"start":{"line":46,"column":0},"end":{"line":46,"column":75}},"46":{"start":{"line":47,"column":0},"end":{"line":47,"column":77}},"49":{"start":{"line":50,"column":0},"end":{"line":50,"column":42}},"50":{"start":{"line":51,"column":0},"end":{"line":51,"column":26}},"51":{"start":{"line":52,"column":0},"end":{"line":52,"column":48}},"52":{"start":{"line":53,"column":0},"end":{"line":53,"column":27}},"53":{"start":{"line":54,"column":0},"end":{"line":54,"column":12}},"54":{"start":{"line":55,"column":0},"end":{"line":55,"column":44}},"55":{"start":{"line":56,"column":0},"end":{"line":56,"column":26}},"56":{"start":{"line":57,"column":0},"end":{"line":57,"column":28}},"57":{"start":{"line":58,"column":0},"end":{"line":58,"column":27}},"58":{"start":{"line":59,"column":0},"end":{"line":59,"column":12}},"59":{"start":{"line":60,"column":0},"end":{"line":60,"column":47}},"60":{"start":{"line":61,"column":0},"end":{"line":61,"column":26}},"61":{"start":{"line":62,"column":0},"end":{"line":62,"column":29}},"62":{"start":{"line":63,"column":0},"end":{"line":63,"column":27}},"63":{"start":{"line":64,"column":0},"end":{"line":64,"column":12}},"64":{"start":{"line":65,"column":0},"end":{"line":65,"column":46}},"65":{"start":{"line":66,"column":0},"end":{"line":66,"column":26}},"66":{"start":{"line":67,"column":0},"end":{"line":67,"column":29}},"67":{"start":{"line":68,"column":0},"end":{"line":68,"column":27}},"68":{"start":{"line":69,"column":0},"end":{"line":69,"column":12}},"69":{"start":{"line":70,"column":0},"end":{"line":70,"column":46}},"70":{"start":{"line":71,"column":0},"end":{"line":71,"column":26}},"71":{"start":{"line":72,"column":0},"end":{"line":72,"column":28}},"72":{"start":{"line":73,"column":0},"end":{"line":73,"column":27}},"73":{"start":{"line":74,"column":0},"end":{"line":74,"column":12}},"74":{"start":{"line":75,"column":0},"end":{"line":75,"column":50}},"75":{"start":{"line":76,"column":0},"end":{"line":76,"column":26}},"76":{"start":{"line":77,"column":0},"end":{"line":77,"column":31}},"77":{"start":{"line":78,"column":0},"end":{"line":78,"column":27}},"78":{"start":{"line":79,"column":0},"end":{"line":79,"column":12}},"81":{"start":{"line":82,"column":0},"end":{"line":82,"column":48}},"82":{"start":{"line":83,"column":0},"end":{"line":83,"column":26}},"83":{"start":{"line":84,"column":0},"end":{"line":84,"column":30}},"84":{"start":{"line":85,"column":0},"end":{"line":85,"column":27}},"85":{"start":{"line":86,"column":0},"end":{"line":86,"column":12}},"86":{"start":{"line":87,"column":0},"end":{"line":87,"column":54}},"87":{"start":{"line":88,"column":0},"end":{"line":88,"column":26}},"88":{"start":{"line":89,"column":0},"end":{"line":89,"column":30}},"89":{"start":{"line":90,"column":0},"end":{"line":90,"column":27}},"90":{"start":{"line":91,"column":0},"end":{"line":91,"column":12}},"93":{"start":{"line":94,"column":0},"end":{"line":94,"column":49}},"94":{"start":{"line":95,"column":0},"end":{"line":95,"column":26}},"95":{"start":{"line":96,"column":0},"end":{"line":96,"column":31}},"96":{"start":{"line":97,"column":0},"end":{"line":97,"column":27}},"97":{"start":{"line":98,"column":0},"end":{"line":98,"column":12}},"98":{"start":{"line":99,"column":0},"end":{"line":99,"column":52}},"99":{"start":{"line":100,"column":0},"end":{"line":100,"column":26}},"100":{"start":{"line":101,"column":0},"end":{"line":101,"column":33}},"101":{"start":{"line":102,"column":0},"end":{"line":102,"column":27}},"102":{"start":{"line":103,"column":0},"end":{"line":103,"column":12}},"104":{"start":{"line":105,"column":0},"end":{"line":105,"column":48}},"105":{"start":{"line":106,"column":0},"end":{"line":106,"column":26}},"106":{"start":{"line":107,"column":0},"end":{"line":107,"column":23}},"107":{"start":{"line":108,"column":0},"end":{"line":108,"column":27}},"108":{"start":{"line":109,"column":0},"end":{"line":109,"column":12}},"111":{"start":{"line":112,"column":0},"end":{"line":112,"column":64}},"112":{"start":{"line":113,"column":0},"end":{"line":113,"column":15}},"113":{"start":{"line":114,"column":0},"end":{"line":114,"column":20}},"115":{"start":{"line":116,"column":0},"end":{"line":116,"column":1}},"117":{"start":{"line":118,"column":0},"end":{"line":118,"column":19}}},"s":{"0":1,"1":1,"2":1,"3":1,"6":1,"7":1,"8":1,"9":1,"10":1,"11":1,"12":1,"13":1,"14":1,"15":1,"16":1,"17":1,"18":1,"19":1,"20":1,"21":1,"24":1,"25":55,"26":55,"27":55,"29":55,"31":33,"32":33,"34":22,"35":22,"37":5,"38":5,"39":5,"40":5,"42":5,"43":5,"44":5,"45":5,"46":5,"49":5,"50":5,"51":5,"52":5,"53":5,"54":5,"55":5,"56":5,"57":5,"58":5,"59":5,"60":5,"61":5,"62":5,"63":5,"64":5,"65":5,"66":5,"67":5,"68":5,"69":5,"70":5,"71":5,"72":5,"73":5,"74":5,"75":5,"76":5,"77":5,"78":5,"81":5,"82":5,"83":5,"84":5,"85":5,"86":5,"87":5,"88":5,"89":5,"90":5,"93":5,"94":5,"95":5,"96":5,"97":5,"98":5,"99":5,"100":5,"101":5,"102":5,"104":5,"105":5,"106":5,"107":5,"108":5,"111":5,"112":5,"113":5,"115":5,"117":1},"branchMap":{"0":{"type":"branch","line":25,"loc":{"start":{"line":25,"column":23},"end":{"line":36,"column":2}},"locations":[{"start":{"line":25,"column":23},"end":{"line":36,"column":2}}]},"1":{"type":"branch","line":30,"loc":{"start":{"line":30,"column":14},"end":{"line":33,"column":3}},"locations":[{"start":{"line":30,"column":14},"end":{"line":33,"column":3}}]},"2":{"type":"branch","line":33,"loc":{"start":{"line":33,"column":2},"end":{"line":36,"column":2}},"locations":[{"start":{"line":33,"column":2},"end":{"line":36,"column":2}}]},"3":{"type":"branch","line":38,"loc":{"start":{"line":38,"column":0},"end":{"line":116,"column":1}},"locations":[{"start":{"line":38,"column":0},"end":{"line":116,"column":1}}]}},"b":{"0":[55],"1":[33],"2":[22],"3":[5]},"fnMap":{"0":{"name":"ProtectedRoute","decl":{"start":{"line":25,"column":23},"end":{"line":36,"column":2}},"loc":{"start":{"line":25,"column":23},"end":{"line":36,"column":2}},"line":25},"1":{"name":"App","decl":{"start":{"line":38,"column":0},"end":{"line":116,"column":1}},"loc":{"start":{"line":38,"column":0},"end":{"line":116,"column":1}},"line":38}},"f":{"0":55,"1":5}}
,"C:\\Users\\Reegan.S\\OneDrive - Brillio\\JS\\Project-branches\\Main\\FDMS\\FD\\client\\src\\main.jsx": {"path":"C:\\Users\\Reegan.S\\OneDrive - Brillio\\JS\\Project-branches\\Main\\FDMS\\FD\\client\\src\\main.jsx","all":true,"statementMap":{"0":{"start":{"line":1,"column":0},"end":{"line":1,"column":40}},"1":{"start":{"line":2,"column":0},"end":{"line":2,"column":21}},"2":{"start":{"line":3,"column":0},"end":{"line":3,"column":24}},"3":{"start":{"line":4,"column":0},"end":{"line":4,"column":77}},"4":{"start":{"line":5,"column":0},"end":{"line":5,"column":64}},"5":{"start":{"line":6,"column":0},"end":{"line":6,"column":51}},"6":{"start":{"line":7,"column":0},"end":{"line":7,"column":0}},"7":{"start":{"line":8,"column":0},"end":{"line":8,"column":57}},"8":{"start":{"line":9,"column":0},"end":{"line":9,"column":38}},"9":{"start":{"line":10,"column":0},"end":{"line":10,"column":47}},"10":{"start":{"line":11,"column":0},"end":{"line":11,"column":2}},"11":{"start":{"line":12,"column":0},"end":{"line":12,"column":19}},"12":{"start":{"line":13,"column":0},"end":{"line":13,"column":27}},"13":{"start":{"line":14,"column":0},"end":{"line":14,"column":17}},"14":{"start":{"line":15,"column":0},"end":{"line":15,"column":0}},"15":{"start":{"line":16,"column":0},"end":{"line":16,"column":18}},"16":{"start":{"line":17,"column":0},"end":{"line":17,"column":2}},"17":{"start":{"line":18,"column":0},"end":{"line":18,"column":0}},"18":{"start":{"line":19,"column":0},"end":{"line":19,"column":66}},"19":{"start":{"line":20,"column":0},"end":{"line":20,"column":12}},"20":{"start":{"line":21,"column":0},"end":{"line":21,"column":20}},"21":{"start":{"line":22,"column":0},"end":{"line":22,"column":18}},"22":{"start":{"line":23,"column":0},"end":{"line":23,"column":18}},"23":{"start":{"line":24,"column":0},"end":{"line":24,"column":15}},"24":{"start":{"line":25,"column":0},"end":{"line":25,"column":19}},"25":{"start":{"line":26,"column":0},"end":{"line":26,"column":19}},"26":{"start":{"line":27,"column":0},"end":{"line":27,"column":21}},"27":{"start":{"line":28,"column":0},"end":{"line":28,"column":2}}},"s":{"0":0,"1":0,"2":0,"3":0,"4":0,"5":0,"6":0,"7":0,"8":0,"9":0,"10":0,"11":0,"12":0,"13":0,"14":0,"15":0,"16":0,"17":0,"18":0,"19":0,"20":0,"21":0,"22":0,"23":0,"24":0,"25":0,"26":0,"27":0},"branchMap":{"0":{"type":"branch","line":1,"loc":{"start":{"line":1,"column":0},"end":{"line":28,"column":2}},"locations":[{"start":{"line":1,"column":0},"end":{"line":28,"column":2}}]}},"b":{"0":[0]},"fnMap":{"0":{"name":"(empty-report)","decl":{"start":{"line":1,"column":0},"end":{"line":28,"column":2}},"loc":{"start":{"line":1,"column":0},"end":{"line":28,"column":2}},"line":1}},"f":{"0":0}}
,"C:\\Users\\Reegan.S\\OneDrive - Brillio\\JS\\Project-branches\\Main\\FDMS\\FD\\client\\src\\components\\disputeStatus.jsx": {"path":"C:\\Users\\Reegan.S\\OneDrive - Brillio\\JS\\Project-branches\\Main\\FDMS\\FD\\client\\src\\components\\disputeStatus.jsx","all":false,"statementMap":{"0":{"start":{"line":1,"column":0},"end":{"line":1,"column":63}},"1":{"start":{"line":2,"column":0},"end":{"line":2,"column":47}},"2":{"start":{"line":3,"column":0},"end":{"line":3,"column":50}},"3":{"start":{"line":4,"column":0},"end":{"line":4,"column":51}},"4":{"start":{"line":5,"column":0},"end":{"line":5,"column":48}},"5":{"start":{"line":6,"column":0},"end":{"line":6,"column":39}},"8":{"start":{"line":9,"column":0},"end":{"line":9,"column":26}},"9":{"start":{"line":10,"column":0},"end":{"line":10,"column":57}},"10":{"start":{"line":11,"column":0},"end":{"line":11,"column":49}},"11":{"start":{"line":12,"column":0},"end":{"line":12,"column":45}},"12":{"start":{"line":13,"column":0},"end":{"line":13,"column":50}},"13":{"start":{"line":14,"column":0},"end":{"line":14,"column":47}},"16":{"start":{"line":17,"column":0},"end":{"line":17,"column":21}},"17":{"start":{"line":18,"column":0},"end":{"line":18,"column":20}},"18":{"start":{"line":19,"column":0},"end":{"line":19,"column":36}},"19":{"start":{"line":20,"column":0},"end":{"line":20,"column":9}},"20":{"start":{"line":21,"column":0},"end":{"line":21,"column":18}},"22":{"start":{"line":23,"column":0},"end":{"line":23,"column":38}},"23":{"start":{"line":24,"column":0},"end":{"line":24,"column":25}},"24":{"start":{"line":25,"column":0},"end":{"line":25,"column":23}},"25":{"start":{"line":26,"column":0},"end":{"line":26,"column":25}},"27":{"start":{"line":28,"column":0},"end":{"line":28,"column":13}},"28":{"start":{"line":29,"column":0},"end":{"line":29,"column":96}},"29":{"start":{"line":30,"column":0},"end":{"line":30,"column":38}},"30":{"start":{"line":31,"column":0},"end":{"line":31,"column":25}},"31":{"start":{"line":32,"column":0},"end":{"line":32,"column":86}},"32":{"start":{"line":33,"column":0},"end":{"line":33,"column":19}},"33":{"start":{"line":34,"column":0},"end":{"line":34,"column":30}},"34":{"start":{"line":35,"column":0},"end":{"line":35,"column":9}},"35":{"start":{"line":36,"column":0},"end":{"line":36,"column":6}},"37":{"start":{"line":38,"column":0},"end":{"line":38,"column":12}},"38":{"start":{"line":39,"column":0},"end":{"line":39,"column":51}},"40":{"start":{"line":41,"column":0},"end":{"line":41,"column":29}},"41":{"start":{"line":42,"column":0},"end":{"line":42,"column":14}},"42":{"start":{"line":43,"column":0},"end":{"line":43,"column":8}},"45":{"start":{"line":46,"column":0},"end":{"line":46,"column":80}},"47":{"start":{"line":48,"column":0},"end":{"line":48,"column":15}},"50":{"start":{"line":51,"column":0},"end":{"line":51,"column":71}},"51":{"start":{"line":52,"column":0},"end":{"line":52,"column":44}},"52":{"start":{"line":53,"column":0},"end":{"line":53,"column":38}},"53":{"start":{"line":54,"column":0},"end":{"line":54,"column":62}},"56":{"start":{"line":57,"column":0},"end":{"line":57,"column":32}},"57":{"start":{"line":58,"column":0},"end":{"line":58,"column":37}},"58":{"start":{"line":59,"column":0},"end":{"line":59,"column":47}},"59":{"start":{"line":60,"column":0},"end":{"line":60,"column":22}},"60":{"start":{"line":61,"column":0},"end":{"line":61,"column":29}},"61":{"start":{"line":62,"column":0},"end":{"line":62,"column":42}},"62":{"start":{"line":63,"column":0},"end":{"line":63,"column":51}},"63":{"start":{"line":64,"column":0},"end":{"line":64,"column":38}},"64":{"start":{"line":65,"column":0},"end":{"line":65,"column":67}},"65":{"start":{"line":66,"column":0},"end":{"line":66,"column":18}},"66":{"start":{"line":67,"column":0},"end":{"line":67,"column":20}},"67":{"start":{"line":68,"column":0},"end":{"line":68,"column":50}},"68":{"start":{"line":69,"column":0},"end":{"line":69,"column":24}},"69":{"start":{"line":70,"column":0},"end":{"line":70,"column":52}},"70":{"start":{"line":71,"column":0},"end":{"line":71,"column":41}},"71":{"start":{"line":72,"column":0},"end":{"line":72,"column":36}},"73":{"start":{"line":74,"column":0},"end":{"line":74,"column":30}},"74":{"start":{"line":75,"column":0},"end":{"line":75,"column":22}},"75":{"start":{"line":76,"column":0},"end":{"line":76,"column":118}},"77":{"start":{"line":78,"column":0},"end":{"line":78,"column":23}},"78":{"start":{"line":79,"column":0},"end":{"line":79,"column":31}},"79":{"start":{"line":80,"column":0},"end":{"line":80,"column":25}},"80":{"start":{"line":81,"column":0},"end":{"line":81,"column":20}},"81":{"start":{"line":82,"column":0},"end":{"line":82,"column":18}},"82":{"start":{"line":83,"column":0},"end":{"line":83,"column":16}},"85":{"start":{"line":86,"column":0},"end":{"line":86,"column":70}},"88":{"start":{"line":89,"column":0},"end":{"line":89,"column":23}},"89":{"start":{"line":90,"column":0},"end":{"line":90,"column":44}},"90":{"start":{"line":91,"column":0},"end":{"line":91,"column":52}},"91":{"start":{"line":92,"column":0},"end":{"line":92,"column":71}},"92":{"start":{"line":93,"column":0},"end":{"line":93,"column":20}},"93":{"start":{"line":94,"column":0},"end":{"line":94,"column":41}},"94":{"start":{"line":95,"column":0},"end":{"line":95,"column":37}},"95":{"start":{"line":96,"column":0},"end":{"line":96,"column":56}},"96":{"start":{"line":97,"column":0},"end":{"line":97,"column":40}},"97":{"start":{"line":98,"column":0},"end":{"line":98,"column":82}},"98":{"start":{"line":99,"column":0},"end":{"line":99,"column":44}},"99":{"start":{"line":100,"column":0},"end":{"line":100,"column":24}},"100":{"start":{"line":101,"column":0},"end":{"line":101,"column":24}},"101":{"start":{"line":102,"column":0},"end":{"line":102,"column":56}},"102":{"start":{"line":103,"column":0},"end":{"line":103,"column":40}},"103":{"start":{"line":104,"column":0},"end":{"line":104,"column":83}},"104":{"start":{"line":105,"column":0},"end":{"line":105,"column":45}},"105":{"start":{"line":106,"column":0},"end":{"line":106,"column":24}},"106":{"start":{"line":107,"column":0},"end":{"line":107,"column":24}},"107":{"start":{"line":108,"column":0},"end":{"line":108,"column":56}},"108":{"start":{"line":109,"column":0},"end":{"line":109,"column":40}},"109":{"start":{"line":110,"column":0},"end":{"line":110,"column":84}},"110":{"start":{"line":111,"column":0},"end":{"line":111,"column":39}},"111":{"start":{"line":112,"column":0},"end":{"line":112,"column":24}},"112":{"start":{"line":113,"column":0},"end":{"line":113,"column":24}},"113":{"start":{"line":114,"column":0},"end":{"line":114,"column":56}},"114":{"start":{"line":115,"column":0},"end":{"line":115,"column":40}},"115":{"start":{"line":116,"column":0},"end":{"line":116,"column":73}},"116":{"start":{"line":117,"column":0},"end":{"line":117,"column":72}},"117":{"start":{"line":118,"column":0},"end":{"line":118,"column":24}},"118":{"start":{"line":119,"column":0},"end":{"line":119,"column":24}},"119":{"start":{"line":120,"column":0},"end":{"line":120,"column":56}},"120":{"start":{"line":121,"column":0},"end":{"line":121,"column":40}},"121":{"start":{"line":122,"column":0},"end":{"line":122,"column":83}},"122":{"start":{"line":123,"column":0},"end":{"line":123,"column":45}},"123":{"start":{"line":124,"column":0},"end":{"line":124,"column":24}},"124":{"start":{"line":125,"column":0},"end":{"line":125,"column":24}},"125":{"start":{"line":126,"column":0},"end":{"line":126,"column":56}},"126":{"start":{"line":127,"column":0},"end":{"line":127,"column":40}},"127":{"start":{"line":128,"column":0},"end":{"line":128,"column":75}},"128":{"start":{"line":129,"column":0},"end":{"line":129,"column":48}},"129":{"start":{"line":130,"column":0},"end":{"line":130,"column":71}},"130":{"start":{"line":131,"column":0},"end":{"line":131,"column":70}},"131":{"start":{"line":132,"column":0},"end":{"line":132,"column":46}},"132":{"start":{"line":133,"column":0},"end":{"line":133,"column":27}},"133":{"start":{"line":134,"column":0},"end":{"line":134,"column":40}},"134":{"start":{"line":135,"column":0},"end":{"line":135,"column":29}},"135":{"start":{"line":136,"column":0},"end":{"line":136,"column":24}},"136":{"start":{"line":137,"column":0},"end":{"line":137,"column":24}},"137":{"start":{"line":138,"column":0},"end":{"line":138,"column":47}},"138":{"start":{"line":139,"column":0},"end":{"line":139,"column":40}},"139":{"start":{"line":140,"column":0},"end":{"line":140,"column":74}},"140":{"start":{"line":141,"column":0},"end":{"line":141,"column":24}},"141":{"start":{"line":142,"column":0},"end":{"line":142,"column":63}},"142":{"start":{"line":143,"column":0},"end":{"line":143,"column":43}},"143":{"start":{"line":144,"column":0},"end":{"line":144,"column":24}},"144":{"start":{"line":145,"column":0},"end":{"line":145,"column":24}},"145":{"start":{"line":146,"column":0},"end":{"line":146,"column":22}},"146":{"start":{"line":147,"column":0},"end":{"line":147,"column":20}},"147":{"start":{"line":148,"column":0},"end":{"line":148,"column":18}},"151":{"start":{"line":152,"column":0},"end":{"line":152,"column":62}},"152":{"start":{"line":153,"column":0},"end":{"line":153,"column":50}},"153":{"start":{"line":154,"column":0},"end":{"line":154,"column":47}},"154":{"start":{"line":155,"column":0},"end":{"line":155,"column":60}},"155":{"start":{"line":156,"column":0},"end":{"line":156,"column":64}},"156":{"start":{"line":157,"column":0},"end":{"line":157,"column":20}},"157":{"start":{"line":158,"column":0},"end":{"line":158,"column":94}},"159":{"start":{"line":160,"column":0},"end":{"line":160,"column":23}},"160":{"start":{"line":161,"column":0},"end":{"line":161,"column":18}},"162":{"start":{"line":163,"column":0},"end":{"line":163,"column":14}},"163":{"start":{"line":164,"column":0},"end":{"line":164,"column":12}},"164":{"start":{"line":165,"column":0},"end":{"line":165,"column":11}},"165":{"start":{"line":166,"column":0},"end":{"line":166,"column":8}},"166":{"start":{"line":167,"column":0},"end":{"line":167,"column":6}},"168":{"start":{"line":169,"column":0},"end":{"line":169,"column":1}},"170":{"start":{"line":171,"column":0},"end":{"line":171,"column":29}}},"s":{"0":1,"1":1,"2":1,"3":1,"4":1,"5":1,"8":14,"9":14,"10":14,"11":14,"12":14,"13":14,"16":14,"17":5,"18":5,"19":5,"20":14,"22":14,"23":3,"24":3,"25":3,"27":3,"28":3,"29":1,"30":1,"31":1,"32":3,"33":2,"34":2,"35":3,"37":14,"38":14,"40":14,"41":14,"42":14,"45":14,"47":14,"50":14,"51":14,"52":14,"53":14,"56":14,"57":14,"58":14,"59":14,"60":14,"61":14,"62":14,"63":14,"64":14,"65":14,"66":14,"67":14,"68":14,"69":14,"70":14,"71":14,"73":14,"74":3,"75":3,"77":3,"78":11,"79":14,"80":14,"81":14,"82":14,"85":14,"88":14,"89":0,"90":0,"91":0,"92":0,"93":0,"94":0,"95":0,"96":0,"97":0,"98":0,"99":0,"100":0,"101":0,"102":0,"103":0,"104":0,"105":0,"106":0,"107":0,"108":0,"109":0,"110":0,"111":0,"112":0,"113":0,"114":0,"115":0,"116":0,"117":0,"118":0,"119":0,"120":0,"121":0,"122":0,"123":0,"124":0,"125":0,"126":0,"127":0,"128":0,"129":0,"130":0,"131":0,"132":0,"133":0,"134":0,"135":0,"136":0,"137":0,"138":0,"139":0,"140":0,"141":0,"142":0,"143":0,"144":0,"145":0,"146":0,"147":0,"151":14,"152":5,"153":5,"154":5,"155":5,"156":5,"157":5,"159":5,"160":5,"162":14,"163":14,"164":14,"165":14,"166":14,"168":14,"170":1},"branchMap":{"0":{"type":"branch","line":9,"loc":{"start":{"line":9,"column":0},"end":{"line":169,"column":1}},"locations":[{"start":{"line":9,"column":0},"end":{"line":169,"column":1}}]},"1":{"type":"branch","line":74,"loc":{"start":{"line":74,"column":19},"end":{"line":78,"column":23}},"locations":[{"start":{"line":74,"column":19},"end":{"line":78,"column":23}}]},"2":{"type":"branch","line":78,"loc":{"start":{"line":78,"column":20},"end":{"line":79,"column":31}},"locations":[{"start":{"line":78,"column":20},"end":{"line":79,"column":31}}]},"3":{"type":"branch","line":86,"loc":{"start":{"line":86,"column":11},"end":{"line":86,"column":70}},"locations":[{"start":{"line":86,"column":11},"end":{"line":86,"column":70}}]},"4":{"type":"branch","line":89,"loc":{"start":{"line":89,"column":11},"end":{"line":148,"column":18}},"locations":[{"start":{"line":89,"column":11},"end":{"line":148,"column":18}}]},"5":{"type":"branch","line":152,"loc":{"start":{"line":152,"column":24},"end":{"line":152,"column":51}},"locations":[{"start":{"line":152,"column":24},"end":{"line":152,"column":51}}]},"6":{"type":"branch","line":152,"loc":{"start":{"line":152,"column":35},"end":{"line":152,"column":62}},"locations":[{"start":{"line":152,"column":35},"end":{"line":152,"column":62}}]},"7":{"type":"branch","line":152,"loc":{"start":{"line":152,"column":52},"end":{"line":161,"column":18}},"locations":[{"start":{"line":152,"column":52},"end":{"line":161,"column":18}}]},"8":{"type":"branch","line":17,"loc":{"start":{"line":17,"column":14},"end":{"line":21,"column":9}},"locations":[{"start":{"line":17,"column":14},"end":{"line":21,"column":9}}]},"9":{"type":"branch","line":23,"loc":{"start":{"line":23,"column":25},"end":{"line":36,"column":6}},"locations":[{"start":{"line":23,"column":25},"end":{"line":36,"column":6}}]},"10":{"type":"branch","line":29,"loc":{"start":{"line":29,"column":94},"end":{"line":33,"column":10}},"locations":[{"start":{"line":29,"column":94},"end":{"line":33,"column":10}}]},"11":{"type":"branch","line":32,"loc":{"start":{"line":32,"column":43},"end":{"line":32,"column":84}},"locations":[{"start":{"line":32,"column":43},"end":{"line":32,"column":84}}]},"12":{"type":"branch","line":33,"loc":{"start":{"line":33,"column":8},"end":{"line":35,"column":9}},"locations":[{"start":{"line":33,"column":8},"end":{"line":35,"column":9}}]},"13":{"type":"branch","line":65,"loc":{"start":{"line":65,"column":28},"end":{"line":65,"column":67}},"locations":[{"start":{"line":65,"column":28},"end":{"line":65,"column":67}}]}},"b":{"0":[14],"1":[3],"2":[11],"3":[1],"4":[0],"5":[11],"6":[6],"7":[5],"8":[5],"9":[3],"10":[1],"11":[0],"12":[2],"13":[4]},"fnMap":{"0":{"name":"DisputeStatus","decl":{"start":{"line":9,"column":0},"end":{"line":169,"column":1}},"loc":{"start":{"line":9,"column":0},"end":{"line":169,"column":1}},"line":9},"1":{"name":"handleSearch","decl":{"start":{"line":23,"column":25},"end":{"line":36,"column":6}},"loc":{"start":{"line":23,"column":25},"end":{"line":36,"column":6}},"line":23},"2":{"name":"onChange","decl":{"start":{"line":65,"column":28},"end":{"line":65,"column":67}},"loc":{"start":{"line":65,"column":28},"end":{"line":65,"column":67}},"line":65},"3":{"name":"onClick","decl":{"start":{"line":158,"column":67},"end":{"line":158,"column":94}},"loc":{"start":{"line":158,"column":67},"end":{"line":158,"column":94}},"line":158}},"f":{"0":14,"1":3,"2":4,"3":0}}
,"C:\\Users\\Reegan.S\\OneDrive - Brillio\\JS\\Project-branches\\Main\\FDMS\\FD\\client\\src\\components\\apiKeys\\vendorApiKeys.jsx": {"path":"C:\\Users\\Reegan.S\\OneDrive - Brillio\\JS\\Project-branches\\Main\\FDMS\\FD\\client\\src\\components\\apiKeys\\vendorApiKeys.jsx","all":false,"statementMap":{"0":{"start":{"line":1,"column":0},"end":{"line":1,"column":63}},"1":{"start":{"line":2,"column":0},"end":{"line":2,"column":62}},"2":{"start":{"line":3,"column":0},"end":{"line":3,"column":41}},"3":{"start":{"line":4,"column":0},"end":{"line":4,"column":49}},"4":{"start":{"line":5,"column":0},"end":{"line":5,"column":48}},"5":{"start":{"line":6,"column":0},"end":{"line":6,"column":63}},"7":{"start":{"line":8,"column":0},"end":{"line":8,"column":23}},"8":{"start":{"line":9,"column":0},"end":{"line":9,"column":51}},"9":{"start":{"line":10,"column":0},"end":{"line":10,"column":47}},"10":{"start":{"line":11,"column":0},"end":{"line":11,"column":57}},"11":{"start":{"line":12,"column":0},"end":{"line":12,"column":44}},"14":{"start":{"line":15,"column":0},"end":{"line":15,"column":61}},"15":{"start":{"line":16,"column":0},"end":{"line":16,"column":65}},"16":{"start":{"line":17,"column":0},"end":{"line":17,"column":59}},"17":{"start":{"line":18,"column":0},"end":{"line":18,"column":22}},"18":{"start":{"line":19,"column":0},"end":{"line":19,"column":82}},"19":{"start":{"line":20,"column":0},"end":{"line":20,"column":13}},"20":{"start":{"line":21,"column":0},"end":{"line":21,"column":4}},"23":{"start":{"line":24,"column":0},"end":{"line":24,"column":19}},"24":{"start":{"line":25,"column":0},"end":{"line":25,"column":38}},"25":{"start":{"line":26,"column":0},"end":{"line":26,"column":11}},"26":{"start":{"line":27,"column":0},"end":{"line":27,"column":69}},"28":{"start":{"line":29,"column":0},"end":{"line":29,"column":35}},"30":{"start":{"line":31,"column":0},"end":{"line":31,"column":46}},"31":{"start":{"line":32,"column":0},"end":{"line":32,"column":16}},"32":{"start":{"line":33,"column":0},"end":{"line":33,"column":28}},"33":{"start":{"line":34,"column":0},"end":{"line":34,"column":9}},"34":{"start":{"line":35,"column":0},"end":{"line":35,"column":23}},"35":{"start":{"line":36,"column":0},"end":{"line":36,"column":92}},"36":{"start":{"line":37,"column":0},"end":{"line":37,"column":26}},"37":{"start":{"line":38,"column":0},"end":{"line":38,"column":17}},"38":{"start":{"line":39,"column":0},"end":{"line":39,"column":26}},"39":{"start":{"line":40,"column":0},"end":{"line":40,"column":7}},"40":{"start":{"line":41,"column":0},"end":{"line":41,"column":6}},"42":{"start":{"line":43,"column":0},"end":{"line":43,"column":19}},"43":{"start":{"line":44,"column":0},"end":{"line":44,"column":16}},"44":{"start":{"line":45,"column":0},"end":{"line":45,"column":37}},"45":{"start":{"line":46,"column":0},"end":{"line":46,"column":5}},"46":{"start":{"line":47,"column":0},"end":{"line":47,"column":14}},"49":{"start":{"line":50,"column":0},"end":{"line":50,"column":48}},"50":{"start":{"line":51,"column":0},"end":{"line":51,"column":9}},"51":{"start":{"line":52,"column":0},"end":{"line":52,"column":45}},"52":{"start":{"line":53,"column":0},"end":{"line":53,"column":32}},"53":{"start":{"line":54,"column":0},"end":{"line":54,"column":18}},"54":{"start":{"line":55,"column":0},"end":{"line":55,"column":8}},"56":{"start":{"line":57,"column":0},"end":{"line":57,"column":41}},"57":{"start":{"line":58,"column":0},"end":{"line":58,"column":43}},"58":{"start":{"line":59,"column":0},"end":{"line":59,"column":7}},"60":{"start":{"line":61,"column":0},"end":{"line":61,"column":50}},"61":{"start":{"line":62,"column":0},"end":{"line":62,"column":32}},"77":{"start":{"line":78,"column":0},"end":{"line":78,"column":99}},"79":{"start":{"line":80,"column":0},"end":{"line":80,"column":52}},"80":{"start":{"line":81,"column":0},"end":{"line":81,"column":37}},"82":{"start":{"line":83,"column":0},"end":{"line":83,"column":28}},"87":{"start":{"line":88,"column":0},"end":{"line":88,"column":9}},"88":{"start":{"line":89,"column":0},"end":{"line":89,"column":33}},"89":{"start":{"line":90,"column":0},"end":{"line":90,"column":21}},"90":{"start":{"line":91,"column":0},"end":{"line":91,"column":89}},"91":{"start":{"line":92,"column":0},"end":{"line":92,"column":5}},"92":{"start":{"line":93,"column":0},"end":{"line":93,"column":4}},"94":{"start":{"line":95,"column":0},"end":{"line":95,"column":10}},"95":{"start":{"line":96,"column":0},"end":{"line":96,"column":47}},"97":{"start":{"line":98,"column":0},"end":{"line":98,"column":29}},"98":{"start":{"line":99,"column":0},"end":{"line":99,"column":14}},"99":{"start":{"line":100,"column":0},"end":{"line":100,"column":8}},"102":{"start":{"line":103,"column":0},"end":{"line":103,"column":80}},"104":{"start":{"line":105,"column":0},"end":{"line":105,"column":21}},"107":{"start":{"line":108,"column":0},"end":{"line":108,"column":20}},"108":{"start":{"line":109,"column":0},"end":{"line":109,"column":25}},"109":{"start":{"line":110,"column":0},"end":{"line":110,"column":22}},"110":{"start":{"line":111,"column":0},"end":{"line":111,"column":15}},"111":{"start":{"line":112,"column":0},"end":{"line":112,"column":22}},"112":{"start":{"line":113,"column":0},"end":{"line":113,"column":26}},"113":{"start":{"line":114,"column":0},"end":{"line":114,"column":20}},"114":{"start":{"line":115,"column":0},"end":{"line":115,"column":22}},"115":{"start":{"line":116,"column":0},"end":{"line":116,"column":22}},"116":{"start":{"line":117,"column":0},"end":{"line":117,"column":38}},"117":{"start":{"line":118,"column":0},"end":{"line":118,"column":8}},"119":{"start":{"line":120,"column":0},"end":{"line":120,"column":44}},"120":{"start":{"line":121,"column":0},"end":{"line":121,"column":15}},"121":{"start":{"line":122,"column":0},"end":{"line":122,"column":32}},"122":{"start":{"line":123,"column":0},"end":{"line":123,"column":36}},"123":{"start":{"line":124,"column":0},"end":{"line":124,"column":18}},"124":{"start":{"line":125,"column":0},"end":{"line":125,"column":22}},"125":{"start":{"line":126,"column":0},"end":{"line":126,"column":36}},"127":{"start":{"line":128,"column":0},"end":{"line":128,"column":87}},"128":{"start":{"line":129,"column":0},"end":{"line":129,"column":61}},"129":{"start":{"line":130,"column":0},"end":{"line":130,"column":60}},"130":{"start":{"line":131,"column":0},"end":{"line":131,"column":25}},"131":{"start":{"line":132,"column":0},"end":{"line":132,"column":88}},"132":{"start":{"line":133,"column":0},"end":{"line":133,"column":34}},"133":{"start":{"line":134,"column":0},"end":{"line":134,"column":23}},"134":{"start":{"line":135,"column":0},"end":{"line":135,"column":16}},"135":{"start":{"line":136,"column":0},"end":{"line":136,"column":9}},"136":{"start":{"line":137,"column":0},"end":{"line":137,"column":21}},"139":{"start":{"line":140,"column":0},"end":{"line":140,"column":71}},"140":{"start":{"line":141,"column":0},"end":{"line":141,"column":44}},"141":{"start":{"line":142,"column":0},"end":{"line":142,"column":38}},"142":{"start":{"line":143,"column":0},"end":{"line":143,"column":60}},"143":{"start":{"line":144,"column":0},"end":{"line":144,"column":73}},"145":{"start":{"line":146,"column":0},"end":{"line":146,"column":38}},"146":{"start":{"line":147,"column":0},"end":{"line":147,"column":46}},"147":{"start":{"line":148,"column":0},"end":{"line":148,"column":26}},"148":{"start":{"line":149,"column":0},"end":{"line":149,"column":50}},"149":{"start":{"line":150,"column":0},"end":{"line":150,"column":82}},"150":{"start":{"line":151,"column":0},"end":{"line":151,"column":71}},"151":{"start":{"line":152,"column":0},"end":{"line":152,"column":24}},"152":{"start":{"line":153,"column":0},"end":{"line":153,"column":74}},"153":{"start":{"line":154,"column":0},"end":{"line":154,"column":22}},"154":{"start":{"line":155,"column":0},"end":{"line":155,"column":43}},"155":{"start":{"line":156,"column":0},"end":{"line":156,"column":21}},"156":{"start":{"line":157,"column":0},"end":{"line":157,"column":58}},"157":{"start":{"line":158,"column":0},"end":{"line":158,"column":46}},"158":{"start":{"line":159,"column":0},"end":{"line":159,"column":54}},"159":{"start":{"line":160,"column":0},"end":{"line":160,"column":29}},"160":{"start":{"line":161,"column":0},"end":{"line":161,"column":35}},"161":{"start":{"line":162,"column":0},"end":{"line":162,"column":155}},"162":{"start":{"line":163,"column":0},"end":{"line":163,"column":71}},"164":{"start":{"line":165,"column":0},"end":{"line":165,"column":98}},"165":{"start":{"line":166,"column":0},"end":{"line":166,"column":82}},"166":{"start":{"line":167,"column":0},"end":{"line":167,"column":61}},"168":{"start":{"line":169,"column":0},"end":{"line":169,"column":32}},"169":{"start":{"line":170,"column":0},"end":{"line":170,"column":31}},"170":{"start":{"line":171,"column":0},"end":{"line":171,"column":23}},"171":{"start":{"line":172,"column":0},"end":{"line":172,"column":24}},"172":{"start":{"line":173,"column":0},"end":{"line":173,"column":22}},"174":{"start":{"line":175,"column":0},"end":{"line":175,"column":50}},"175":{"start":{"line":176,"column":0},"end":{"line":176,"column":70}},"176":{"start":{"line":177,"column":0},"end":{"line":177,"column":73}},"177":{"start":{"line":178,"column":0},"end":{"line":178,"column":96}},"178":{"start":{"line":179,"column":0},"end":{"line":179,"column":22}},"180":{"start":{"line":181,"column":0},"end":{"line":181,"column":24}},"181":{"start":{"line":182,"column":0},"end":{"line":182,"column":17}},"182":{"start":{"line":183,"column":0},"end":{"line":183,"column":14}},"183":{"start":{"line":184,"column":0},"end":{"line":184,"column":12}},"184":{"start":{"line":185,"column":0},"end":{"line":185,"column":11}},"185":{"start":{"line":186,"column":0},"end":{"line":186,"column":8}},"186":{"start":{"line":187,"column":0},"end":{"line":187,"column":6}},"188":{"start":{"line":189,"column":0},"end":{"line":189,"column":2}},"190":{"start":{"line":191,"column":0},"end":{"line":191,"column":23}}},"s":{"0":1,"1":1,"2":1,"3":1,"4":1,"5":1,"7":1,"8":7,"9":7,"10":7,"11":7,"14":7,"15":1,"16":1,"17":1,"18":1,"19":1,"20":1,"23":7,"24":7,"25":7,"26":7,"28":6,"30":6,"31":7,"32":0,"33":0,"34":7,"35":1,"36":1,"37":7,"38":7,"39":7,"40":7,"42":7,"43":7,"44":7,"45":7,"46":7,"49":7,"50":0,"51":0,"52":0,"53":0,"54":0,"56":0,"57":0,"58":0,"60":0,"61":0,"77":0,"79":0,"80":0,"82":0,"87":0,"88":0,"89":0,"90":0,"91":0,"92":0,"94":7,"95":7,"97":7,"98":7,"99":7,"102":7,"104":7,"107":7,"108":7,"109":7,"110":7,"111":7,"112":7,"113":7,"114":7,"115":7,"116":7,"117":7,"119":7,"120":0,"121":0,"122":0,"123":0,"124":0,"125":0,"127":0,"128":0,"129":0,"130":0,"131":0,"132":0,"133":0,"134":0,"135":7,"136":7,"139":7,"140":7,"141":7,"142":7,"143":7,"145":7,"146":7,"147":7,"148":7,"149":7,"150":7,"151":7,"152":7,"153":7,"154":0,"155":0,"156":0,"157":0,"158":0,"159":0,"160":0,"161":0,"162":0,"164":0,"165":0,"166":0,"168":0,"169":0,"170":0,"171":0,"172":0,"174":0,"175":0,"176":0,"177":0,"178":0,"180":7,"181":7,"182":7,"183":7,"184":7,"185":7,"186":7,"188":7,"190":1},"branchMap":{"0":{"type":"branch","line":8,"loc":{"start":{"line":8,"column":16},"end":{"line":189,"column":2}},"locations":[{"start":{"line":8,"column":16},"end":{"line":189,"column":2}}]},"1":{"type":"branch","line":154,"loc":{"start":{"line":154,"column":16},"end":{"line":179,"column":22}},"locations":[{"start":{"line":154,"column":16},"end":{"line":179,"column":22}}]},"2":{"type":"branch","line":15,"loc":{"start":{"line":15,"column":26},"end":{"line":21,"column":4}},"locations":[{"start":{"line":15,"column":26},"end":{"line":21,"column":4}}]},"3":{"type":"branch","line":17,"loc":{"start":{"line":17,"column":21},"end":{"line":17,"column":57}},"locations":[{"start":{"line":17,"column":21},"end":{"line":17,"column":57}}]},"4":{"type":"branch","line":18,"loc":{"start":{"line":18,"column":15},"end":{"line":20,"column":7}},"locations":[{"start":{"line":18,"column":15},"end":{"line":20,"column":7}}]},"5":{"type":"branch","line":24,"loc":{"start":{"line":24,"column":12},"end":{"line":47,"column":5}},"locations":[{"start":{"line":24,"column":12},"end":{"line":47,"column":5}}]},"6":{"type":"branch","line":25,"loc":{"start":{"line":25,"column":25},"end":{"line":41,"column":6}},"locations":[{"start":{"line":25,"column":25},"end":{"line":41,"column":6}}]},"7":{"type":"branch","line":27,"loc":{"start":{"line":27,"column":67},"end":{"line":32,"column":15}},"locations":[{"start":{"line":27,"column":67},"end":{"line":32,"column":15}}]},"8":{"type":"branch","line":32,"loc":{"start":{"line":32,"column":8},"end":{"line":34,"column":9}},"locations":[{"start":{"line":32,"column":8},"end":{"line":34,"column":9}}]},"9":{"type":"branch","line":35,"loc":{"start":{"line":35,"column":6},"end":{"line":38,"column":8}},"locations":[{"start":{"line":35,"column":6},"end":{"line":38,"column":8}}]},"10":{"type":"branch","line":36,"loc":{"start":{"line":36,"column":46},"end":{"line":36,"column":82}},"locations":[{"start":{"line":36,"column":46},"end":{"line":36,"column":82}}]}},"b":{"0":[7],"1":[0],"2":[1],"3":[1],"4":[1],"5":[7],"6":[7],"7":[6],"8":[0],"9":[1],"10":[0]},"fnMap":{"0":{"name":"ApiKeys","decl":{"start":{"line":8,"column":16},"end":{"line":189,"column":2}},"loc":{"start":{"line":8,"column":16},"end":{"line":189,"column":2}},"line":8},"1":{"name":"addNotification","decl":{"start":{"line":15,"column":26},"end":{"line":21,"column":4}},"loc":{"start":{"line":15,"column":26},"end":{"line":21,"column":4}},"line":15},"2":{"name":"fetchApiKeys","decl":{"start":{"line":25,"column":25},"end":{"line":41,"column":6}},"loc":{"start":{"line":25,"column":25},"end":{"line":41,"column":6}},"line":25},"3":{"name":"handleDecodeApiKey","decl":{"start":{"line":50,"column":29},"end":{"line":93,"column":4}},"loc":{"start":{"line":50,"column":29},"end":{"line":93,"column":4}},"line":50}},"f":{"0":7,"1":1,"2":7,"3":0}}
,"C:\\Users\\Reegan.S\\OneDrive - Brillio\\JS\\Project-branches\\Main\\FDMS\\FD\\client\\src\\components\\context\\authContext.jsx": {"path":"C:\\Users\\Reegan.S\\OneDrive - Brillio\\JS\\Project-branches\\Main\\FDMS\\FD\\client\\src\\components\\context\\authContext.jsx","all":false,"statementMap":{"0":{"start":{"line":1,"column":0},"end":{"line":1,"column":57}},"2":{"start":{"line":3,"column":0},"end":{"line":3,"column":43}},"4":{"start":{"line":5,"column":0},"end":{"line":5,"column":47}},"5":{"start":{"line":6,"column":0},"end":{"line":6,"column":45}},"7":{"start":{"line":8,"column":0},"end":{"line":8,"column":33}},"8":{"start":{"line":9,"column":0},"end":{"line":9,"column":27}},"9":{"start":{"line":10,"column":0},"end":{"line":10,"column":6}},"11":{"start":{"line":12,"column":0},"end":{"line":12,"column":26}},"12":{"start":{"line":13,"column":0},"end":{"line":13,"column":23}},"13":{"start":{"line":14,"column":0},"end":{"line":14,"column":6}},"15":{"start":{"line":16,"column":0},"end":{"line":16,"column":33}},"18":{"start":{"line":19,"column":0},"end":{"line":19,"column":41}},"19":{"start":{"line":20,"column":0},"end":{"line":20,"column":14}},"20":{"start":{"line":21,"column":0},"end":{"line":21,"column":14}},"21":{"start":{"line":22,"column":0},"end":{"line":22,"column":15}},"22":{"start":{"line":23,"column":0},"end":{"line":23,"column":16}},"23":{"start":{"line":24,"column":0},"end":{"line":24,"column":17}},"25":{"start":{"line":26,"column":0},"end":{"line":26,"column":12}},"26":{"start":{"line":27,"column":0},"end":{"line":27,"column":51}},"27":{"start":{"line":28,"column":0},"end":{"line":28,"column":22}},"28":{"start":{"line":29,"column":0},"end":{"line":29,"column":31}},"30":{"start":{"line":31,"column":0},"end":{"line":31,"column":2}},"33":{"start":{"line":34,"column":0},"end":{"line":34,"column":27}}},"s":{"0":1,"2":1,"4":1,"5":13,"7":13,"8":4,"9":4,"11":13,"12":1,"13":1,"15":13,"18":13,"19":11,"20":11,"21":11,"22":11,"23":13,"25":13,"26":13,"27":13,"28":13,"30":13,"33":1},"branchMap":{"0":{"type":"branch","line":5,"loc":{"start":{"line":5,"column":28},"end":{"line":31,"column":2}},"locations":[{"start":{"line":5,"column":28},"end":{"line":31,"column":2}}]},"1":{"type":"branch","line":8,"loc":{"start":{"line":8,"column":18},"end":{"line":10,"column":6}},"locations":[{"start":{"line":8,"column":18},"end":{"line":10,"column":6}}]},"2":{"type":"branch","line":12,"loc":{"start":{"line":12,"column":19},"end":{"line":14,"column":6}},"locations":[{"start":{"line":12,"column":19},"end":{"line":14,"column":6}}]},"3":{"type":"branch","line":16,"loc":{"start":{"line":16,"column":21},"end":{"line":16,"column":33}},"locations":[{"start":{"line":16,"column":21},"end":{"line":16,"column":33}}]},"4":{"type":"branch","line":19,"loc":{"start":{"line":19,"column":33},"end":{"line":24,"column":8}},"locations":[{"start":{"line":19,"column":33},"end":{"line":24,"column":8}}]}},"b":{"0":[13],"1":[4],"2":[1],"3":[9],"4":[11]},"fnMap":{"0":{"name":"AuthProvider","decl":{"start":{"line":5,"column":28},"end":{"line":31,"column":2}},"loc":{"start":{"line":5,"column":28},"end":{"line":31,"column":2}},"line":5},"1":{"name":"login","decl":{"start":{"line":8,"column":18},"end":{"line":10,"column":6}},"loc":{"start":{"line":8,"column":18},"end":{"line":10,"column":6}},"line":8},"2":{"name":"logout","decl":{"start":{"line":12,"column":19},"end":{"line":14,"column":6}},"loc":{"start":{"line":12,"column":19},"end":{"line":14,"column":6}},"line":12},"3":{"name":"getToken","decl":{"start":{"line":16,"column":21},"end":{"line":16,"column":33}},"loc":{"start":{"line":16,"column":21},"end":{"line":16,"column":33}},"line":16}},"f":{"0":13,"1":4,"2":1,"3":9}}
,"C:\\Users\\Reegan.S\\OneDrive - Brillio\\JS\\Project-branches\\Main\\FDMS\\FD\\client\\src\\components\\dashboard\\dashboard.jsx": {"path":"C:\\Users\\Reegan.S\\OneDrive - Brillio\\JS\\Project-branches\\Main\\FDMS\\FD\\client\\src\\components\\dashboard\\dashboard.jsx","all":false,"statementMap":{"0":{"start":{"line":1,"column":0},"end":{"line":1,"column":52}},"1":{"start":{"line":2,"column":0},"end":{"line":2,"column":37}},"2":{"start":{"line":3,"column":0},"end":{"line":3,"column":40}},"3":{"start":{"line":4,"column":0},"end":{"line":4,"column":40}},"4":{"start":{"line":5,"column":0},"end":{"line":5,"column":42}},"5":{"start":{"line":6,"column":0},"end":{"line":6,"column":64}},"6":{"start":{"line":7,"column":0},"end":{"line":7,"column":55}},"7":{"start":{"line":8,"column":0},"end":{"line":8,"column":46}},"8":{"start":{"line":9,"column":0},"end":{"line":9,"column":53}},"10":{"start":{"line":11,"column":0},"end":{"line":11,"column":22}},"11":{"start":{"line":12,"column":0},"end":{"line":12,"column":44}},"12":{"start":{"line":13,"column":0},"end":{"line":13,"column":52}},"13":{"start":{"line":14,"column":0},"end":{"line":14,"column":63}},"15":{"start":{"line":16,"column":0},"end":{"line":16,"column":10}},"16":{"start":{"line":17,"column":0},"end":{"line":17,"column":26}},"17":{"start":{"line":18,"column":0},"end":{"line":18,"column":14}},"18":{"start":{"line":19,"column":0},"end":{"line":19,"column":20}},"19":{"start":{"line":20,"column":0},"end":{"line":20,"column":25}},"20":{"start":{"line":21,"column":0},"end":{"line":21,"column":21}},"22":{"start":{"line":23,"column":0},"end":{"line":23,"column":10}},"23":{"start":{"line":24,"column":0},"end":{"line":24,"column":14}},"24":{"start":{"line":25,"column":0},"end":{"line":25,"column":29}},"25":{"start":{"line":26,"column":0},"end":{"line":26,"column":25}},"27":{"start":{"line":28,"column":0},"end":{"line":28,"column":43}},"28":{"start":{"line":29,"column":0},"end":{"line":29,"column":32}},"29":{"start":{"line":30,"column":0},"end":{"line":30,"column":23}},"30":{"start":{"line":31,"column":0},"end":{"line":31,"column":4}},"32":{"start":{"line":33,"column":0},"end":{"line":33,"column":34}},"33":{"start":{"line":34,"column":0},"end":{"line":34,"column":24}},"34":{"start":{"line":35,"column":0},"end":{"line":35,"column":29}},"35":{"start":{"line":36,"column":0},"end":{"line":36,"column":4}},"37":{"start":{"line":38,"column":0},"end":{"line":38,"column":39}},"38":{"start":{"line":39,"column":0},"end":{"line":39,"column":60}},"39":{"start":{"line":40,"column":0},"end":{"line":40,"column":3}},"41":{"start":{"line":42,"column":0},"end":{"line":42,"column":10}},"42":{"start":{"line":43,"column":0},"end":{"line":43,"column":47}},"44":{"start":{"line":45,"column":0},"end":{"line":45,"column":29}},"45":{"start":{"line":46,"column":0},"end":{"line":46,"column":14}},"46":{"start":{"line":47,"column":0},"end":{"line":47,"column":8}},"49":{"start":{"line":50,"column":0},"end":{"line":50,"column":80}},"51":{"start":{"line":52,"column":0},"end":{"line":52,"column":15}},"54":{"start":{"line":55,"column":0},"end":{"line":55,"column":71}},"55":{"start":{"line":56,"column":0},"end":{"line":56,"column":44}},"56":{"start":{"line":57,"column":0},"end":{"line":57,"column":38}},"57":{"start":{"line":58,"column":0},"end":{"line":58,"column":64}},"58":{"start":{"line":59,"column":0},"end":{"line":59,"column":74}},"60":{"start":{"line":61,"column":0},"end":{"line":61,"column":44}},"61":{"start":{"line":62,"column":0},"end":{"line":62,"column":84}},"62":{"start":{"line":63,"column":0},"end":{"line":63,"column":71}},"63":{"start":{"line":64,"column":0},"end":{"line":64,"column":18}},"65":{"start":{"line":66,"column":0},"end":{"line":66,"column":37}},"66":{"start":{"line":67,"column":0},"end":{"line":67,"column":42}},"67":{"start":{"line":68,"column":0},"end":{"line":68,"column":81}},"68":{"start":{"line":69,"column":0},"end":{"line":69,"column":30}},"69":{"start":{"line":70,"column":0},"end":{"line":70,"column":37}},"70":{"start":{"line":71,"column":0},"end":{"line":71,"column":63}},"71":{"start":{"line":72,"column":0},"end":{"line":72,"column":20}},"72":{"start":{"line":73,"column":0},"end":{"line":73,"column":22}},"73":{"start":{"line":74,"column":0},"end":{"line":74,"column":17}},"74":{"start":{"line":75,"column":0},"end":{"line":75,"column":18}},"76":{"start":{"line":77,"column":0},"end":{"line":77,"column":25}},"77":{"start":{"line":78,"column":0},"end":{"line":78,"column":30}},"78":{"start":{"line":79,"column":0},"end":{"line":79,"column":39}},"79":{"start":{"line":80,"column":0},"end":{"line":80,"column":40}},"80":{"start":{"line":81,"column":0},"end":{"line":81,"column":14}},"82":{"start":{"line":83,"column":0},"end":{"line":83,"column":32}},"83":{"start":{"line":84,"column":0},"end":{"line":84,"column":35}},"84":{"start":{"line":85,"column":0},"end":{"line":85,"column":46}},"85":{"start":{"line":86,"column":0},"end":{"line":86,"column":14}},"86":{"start":{"line":87,"column":0},"end":{"line":87,"column":16}},"87":{"start":{"line":88,"column":0},"end":{"line":88,"column":14}},"88":{"start":{"line":89,"column":0},"end":{"line":89,"column":12}},"89":{"start":{"line":90,"column":0},"end":{"line":90,"column":11}},"90":{"start":{"line":91,"column":0},"end":{"line":91,"column":8}},"91":{"start":{"line":92,"column":0},"end":{"line":92,"column":6}},"93":{"start":{"line":94,"column":0},"end":{"line":94,"column":1}},"95":{"start":{"line":96,"column":0},"end":{"line":96,"column":25}}},"s":{"0":1,"1":1,"2":1,"3":1,"4":1,"5":1,"6":1,"7":1,"8":1,"10":11,"11":11,"12":11,"13":11,"15":11,"16":11,"17":11,"18":11,"19":11,"20":11,"22":11,"23":11,"24":11,"25":11,"27":11,"28":2,"29":2,"30":2,"32":11,"33":1,"34":1,"35":1,"37":11,"38":2,"39":2,"41":9,"42":9,"44":9,"45":9,"46":9,"49":9,"51":9,"54":9,"55":9,"56":9,"57":9,"58":9,"60":9,"61":9,"62":9,"63":9,"65":9,"66":9,"67":24,"68":24,"69":24,"70":24,"71":24,"72":24,"73":9,"74":9,"76":9,"77":9,"78":9,"79":9,"80":9,"82":9,"83":9,"84":9,"85":9,"86":9,"87":9,"88":9,"89":9,"90":9,"91":9,"93":9,"95":1},"branchMap":{"0":{"type":"branch","line":11,"loc":{"start":{"line":11,"column":0},"end":{"line":94,"column":1}},"locations":[{"start":{"line":11,"column":0},"end":{"line":94,"column":1}}]},"1":{"type":"branch","line":38,"loc":{"start":{"line":38,"column":6},"end":{"line":38,"column":38}},"locations":[{"start":{"line":38,"column":6},"end":{"line":38,"column":38}}]},"2":{"type":"branch","line":38,"loc":{"start":{"line":38,"column":38},"end":{"line":40,"column":3}},"locations":[{"start":{"line":38,"column":38},"end":{"line":40,"column":3}}]},"3":{"type":"branch","line":40,"loc":{"start":{"line":40,"column":2},"end":{"line":94,"column":1}},"locations":[{"start":{"line":40,"column":2},"end":{"line":94,"column":1}}]},"4":{"type":"branch","line":28,"loc":{"start":{"line":28,"column":29},"end":{"line":31,"column":4}},"locations":[{"start":{"line":28,"column":29},"end":{"line":31,"column":4}}]},"5":{"type":"branch","line":33,"loc":{"start":{"line":33,"column":27},"end":{"line":36,"column":4}},"locations":[{"start":{"line":33,"column":27},"end":{"line":36,"column":4}}]},"6":{"type":"branch","line":67,"loc":{"start":{"line":67,"column":28},"end":{"line":73,"column":22}},"locations":[{"start":{"line":67,"column":28},"end":{"line":73,"column":22}}]},"7":{"type":"branch","line":71,"loc":{"start":{"line":71,"column":29},"end":{"line":71,"column":63}},"locations":[{"start":{"line":71,"column":29},"end":{"line":71,"column":63}}]}},"b":{"0":[11],"1":[10],"2":[2],"3":[9],"4":[2],"5":[1],"6":[24],"7":[2]},"fnMap":{"0":{"name":"Dashboard","decl":{"start":{"line":11,"column":0},"end":{"line":94,"column":1}},"loc":{"start":{"line":11,"column":0},"end":{"line":94,"column":1}},"line":11},"1":{"name":"handleDisputeClick","decl":{"start":{"line":28,"column":29},"end":{"line":31,"column":4}},"loc":{"start":{"line":28,"column":29},"end":{"line":31,"column":4}},"line":28},"2":{"name":"handleCloseModal","decl":{"start":{"line":33,"column":27},"end":{"line":36,"column":4}},"loc":{"start":{"line":33,"column":27},"end":{"line":36,"column":4}},"line":33},"3":{"name":"onClick","decl":{"start":{"line":71,"column":29},"end":{"line":71,"column":63}},"loc":{"start":{"line":71,"column":29},"end":{"line":71,"column":63}},"line":71}},"f":{"0":11,"1":2,"2":1,"3":2}}
,"C:\\Users\\Reegan.S\\OneDrive - Brillio\\JS\\Project-branches\\Main\\FDMS\\FD\\client\\src\\components\\dashboard\\disputeCard.jsx": {"path":"C:\\Users\\Reegan.S\\OneDrive - Brillio\\JS\\Project-branches\\Main\\FDMS\\FD\\client\\src\\components\\dashboard\\disputeCard.jsx","all":false,"statementMap":{"0":{"start":{"line":1,"column":0},"end":{"line":1,"column":26}},"1":{"start":{"line":2,"column":0},"end":{"line":2,"column":44}},"2":{"start":{"line":3,"column":0},"end":{"line":3,"column":60}},"3":{"start":{"line":4,"column":0},"end":{"line":4,"column":51}},"4":{"start":{"line":5,"column":0},"end":{"line":5,"column":55}},"6":{"start":{"line":7,"column":0},"end":{"line":7,"column":44}},"7":{"start":{"line":8,"column":0},"end":{"line":8,"column":10}},"8":{"start":{"line":9,"column":0},"end":{"line":9,"column":9}},"9":{"start":{"line":10,"column":0},"end":{"line":10,"column":19}},"10":{"start":{"line":11,"column":0},"end":{"line":11,"column":31}},"11":{"start":{"line":12,"column":0},"end":{"line":12,"column":38}},"13":{"start":{"line":14,"column":0},"end":{"line":14,"column":29}},"14":{"start":{"line":15,"column":0},"end":{"line":15,"column":85}},"15":{"start":{"line":16,"column":0},"end":{"line":16,"column":69}},"16":{"start":{"line":17,"column":0},"end":{"line":17,"column":61}},"17":{"start":{"line":18,"column":0},"end":{"line":18,"column":84}},"18":{"start":{"line":19,"column":0},"end":{"line":19,"column":22}},"19":{"start":{"line":20,"column":0},"end":{"line":20,"column":69}},"20":{"start":{"line":21,"column":0},"end":{"line":21,"column":59}},"21":{"start":{"line":22,"column":0},"end":{"line":22,"column":75}},"22":{"start":{"line":23,"column":0},"end":{"line":23,"column":22}},"23":{"start":{"line":24,"column":0},"end":{"line":24,"column":69}},"24":{"start":{"line":25,"column":0},"end":{"line":25,"column":59}},"25":{"start":{"line":26,"column":0},"end":{"line":26,"column":83}},"26":{"start":{"line":27,"column":0},"end":{"line":27,"column":22}},"27":{"start":{"line":28,"column":0},"end":{"line":28,"column":64}},"28":{"start":{"line":29,"column":0},"end":{"line":29,"column":61}},"29":{"start":{"line":30,"column":0},"end":{"line":30,"column":53}},"30":{"start":{"line":31,"column":0},"end":{"line":31,"column":84}},"31":{"start":{"line":32,"column":0},"end":{"line":32,"column":78}},"32":{"start":{"line":33,"column":0},"end":{"line":33,"column":45}},"33":{"start":{"line":34,"column":0},"end":{"line":34,"column":21}},"34":{"start":{"line":35,"column":0},"end":{"line":35,"column":36}},"35":{"start":{"line":36,"column":0},"end":{"line":36,"column":25}},"36":{"start":{"line":37,"column":0},"end":{"line":37,"column":22}},"37":{"start":{"line":38,"column":0},"end":{"line":38,"column":14}},"38":{"start":{"line":39,"column":0},"end":{"line":39,"column":7}},"40":{"start":{"line":41,"column":0},"end":{"line":41,"column":1}},"42":{"start":{"line":43,"column":0},"end":{"line":43,"column":27}}},"s":{"0":1,"1":1,"2":1,"3":1,"4":1,"6":8,"7":8,"8":8,"9":8,"10":8,"11":8,"13":8,"14":8,"15":8,"16":8,"17":8,"18":8,"19":8,"20":8,"21":8,"22":8,"23":8,"24":8,"25":8,"26":8,"27":8,"28":8,"29":8,"30":8,"31":2,"32":1,"33":8,"34":8,"35":8,"36":8,"37":8,"38":8,"40":8,"42":1},"branchMap":{"0":{"type":"branch","line":7,"loc":{"start":{"line":7,"column":0},"end":{"line":41,"column":1}},"locations":[{"start":{"line":7,"column":0},"end":{"line":41,"column":1}}]},"1":{"type":"branch","line":31,"loc":{"start":{"line":31,"column":60},"end":{"line":31,"column":84}},"locations":[{"start":{"line":31,"column":60},"end":{"line":31,"column":84}}]},"2":{"type":"branch","line":31,"loc":{"start":{"line":31,"column":74},"end":{"line":33,"column":45}},"locations":[{"start":{"line":31,"column":74},"end":{"line":33,"column":45}}]},"3":{"type":"branch","line":32,"loc":{"start":{"line":32,"column":59},"end":{"line":32,"column":78}},"locations":[{"start":{"line":32,"column":59},"end":{"line":32,"column":78}}]},"4":{"type":"branch","line":32,"loc":{"start":{"line":32,"column":70},"end":{"line":33,"column":45}},"locations":[{"start":{"line":32,"column":70},"end":{"line":33,"column":45}}]}},"b":{"0":[8],"1":[6],"2":[2],"3":[1],"4":[1]},"fnMap":{"0":{"name":"DisputeCard","decl":{"start":{"line":7,"column":0},"end":{"line":41,"column":1}},"loc":{"start":{"line":7,"column":0},"end":{"line":41,"column":1}},"line":7}},"f":{"0":8}}
,"C:\\Users\\Reegan.S\\OneDrive - Brillio\\JS\\Project-branches\\Main\\FDMS\\FD\\client\\src\\components\\dashboard\\disputeModal.jsx": {"path":"C:\\Users\\Reegan.S\\OneDrive - Brillio\\JS\\Project-branches\\Main\\FDMS\\FD\\client\\src\\components\\dashboard\\disputeModal.jsx","all":false,"statementMap":{"0":{"start":{"line":1,"column":0},"end":{"line":1,"column":26}},"1":{"start":{"line":2,"column":0},"end":{"line":2,"column":48}},"2":{"start":{"line":3,"column":0},"end":{"line":3,"column":60}},"3":{"start":{"line":4,"column":0},"end":{"line":4,"column":51}},"4":{"start":{"line":5,"column":0},"end":{"line":5,"column":55}},"5":{"start":{"line":6,"column":0},"end":{"line":6,"column":57}},"7":{"start":{"line":8,"column":0},"end":{"line":8,"column":51}},"8":{"start":{"line":9,"column":0},"end":{"line":9,"column":35}},"9":{"start":{"line":10,"column":0},"end":{"line":10,"column":9}},"10":{"start":{"line":11,"column":0},"end":{"line":11,"column":27}},"11":{"start":{"line":12,"column":0},"end":{"line":12,"column":34}},"12":{"start":{"line":13,"column":0},"end":{"line":13,"column":21}},"13":{"start":{"line":14,"column":0},"end":{"line":14,"column":57}},"14":{"start":{"line":15,"column":0},"end":{"line":15,"column":5}},"15":{"start":{"line":16,"column":0},"end":{"line":16,"column":4}},"17":{"start":{"line":18,"column":0},"end":{"line":18,"column":10}},"18":{"start":{"line":19,"column":0},"end":{"line":19,"column":71}},"19":{"start":{"line":20,"column":0},"end":{"line":20,"column":28}},"20":{"start":{"line":21,"column":0},"end":{"line":21,"column":61}},"21":{"start":{"line":22,"column":0},"end":{"line":22,"column":17}},"22":{"start":{"line":23,"column":0},"end":{"line":23,"column":37}},"23":{"start":{"line":24,"column":0},"end":{"line":24,"column":17}},"24":{"start":{"line":25,"column":0},"end":{"line":25,"column":11}},"25":{"start":{"line":26,"column":0},"end":{"line":26,"column":60}},"26":{"start":{"line":27,"column":0},"end":{"line":27,"column":34}},"27":{"start":{"line":28,"column":0},"end":{"line":28,"column":48}},"28":{"start":{"line":29,"column":0},"end":{"line":29,"column":86}},"29":{"start":{"line":30,"column":0},"end":{"line":30,"column":92}},"30":{"start":{"line":31,"column":0},"end":{"line":31,"column":102}},"31":{"start":{"line":32,"column":0},"end":{"line":32,"column":16}},"32":{"start":{"line":33,"column":0},"end":{"line":33,"column":48}},"33":{"start":{"line":34,"column":0},"end":{"line":34,"column":90}},"34":{"start":{"line":35,"column":0},"end":{"line":35,"column":86}},"35":{"start":{"line":36,"column":0},"end":{"line":36,"column":91}},"36":{"start":{"line":37,"column":0},"end":{"line":37,"column":16}},"37":{"start":{"line":38,"column":0},"end":{"line":38,"column":14}},"38":{"start":{"line":39,"column":0},"end":{"line":39,"column":34}},"39":{"start":{"line":40,"column":0},"end":{"line":40,"column":34}},"40":{"start":{"line":41,"column":0},"end":{"line":41,"column":82}},"41":{"start":{"line":42,"column":0},"end":{"line":42,"column":64}},"42":{"start":{"line":43,"column":0},"end":{"line":43,"column":33}},"43":{"start":{"line":44,"column":0},"end":{"line":44,"column":51}},"44":{"start":{"line":45,"column":0},"end":{"line":45,"column":60}},"45":{"start":{"line":46,"column":0},"end":{"line":46,"column":17}},"46":{"start":{"line":47,"column":0},"end":{"line":47,"column":16}},"47":{"start":{"line":48,"column":0},"end":{"line":48,"column":14}},"49":{"start":{"line":50,"column":0},"end":{"line":50,"column":51}},"50":{"start":{"line":51,"column":0},"end":{"line":51,"column":46}},"51":{"start":{"line":52,"column":0},"end":{"line":52,"column":30}},"52":{"start":{"line":53,"column":0},"end":{"line":53,"column":49}},"53":{"start":{"line":54,"column":0},"end":{"line":54,"column":57}},"54":{"start":{"line":55,"column":0},"end":{"line":55,"column":30}},"55":{"start":{"line":56,"column":0},"end":{"line":56,"column":19}},"56":{"start":{"line":57,"column":0},"end":{"line":57,"column":14}},"57":{"start":{"line":58,"column":0},"end":{"line":58,"column":90}},"58":{"start":{"line":59,"column":0},"end":{"line":59,"column":85}},"59":{"start":{"line":60,"column":0},"end":{"line":60,"column":14}},"60":{"start":{"line":61,"column":0},"end":{"line":61,"column":12}},"62":{"start":{"line":63,"column":0},"end":{"line":63,"column":15}},"63":{"start":{"line":64,"column":0},"end":{"line":64,"column":59}},"64":{"start":{"line":65,"column":0},"end":{"line":65,"column":99}},"65":{"start":{"line":66,"column":0},"end":{"line":66,"column":58}},"66":{"start":{"line":67,"column":0},"end":{"line":67,"column":13}},"67":{"start":{"line":68,"column":0},"end":{"line":68,"column":78}},"69":{"start":{"line":70,"column":0},"end":{"line":70,"column":13}},"70":{"start":{"line":71,"column":0},"end":{"line":71,"column":17}},"71":{"start":{"line":72,"column":0},"end":{"line":72,"column":8}},"73":{"start":{"line":74,"column":0},"end":{"line":74,"column":1}},"75":{"start":{"line":76,"column":0},"end":{"line":76,"column":28}}},"s":{"0":1,"1":1,"2":1,"3":1,"4":1,"5":1,"7":11,"8":11,"9":3,"10":3,"11":2,"12":3,"13":1,"14":1,"15":3,"17":11,"18":11,"19":11,"20":11,"21":11,"22":11,"23":11,"24":10,"25":10,"26":10,"27":10,"28":10,"29":10,"30":10,"31":10,"32":10,"33":10,"34":10,"35":10,"36":10,"37":10,"38":10,"39":10,"40":10,"41":10,"42":10,"43":9,"44":1,"45":10,"46":10,"47":10,"49":10,"50":10,"51":10,"52":10,"53":10,"54":10,"55":10,"56":10,"57":10,"58":10,"59":10,"60":10,"62":11,"63":11,"64":11,"65":11,"66":11,"67":11,"69":11,"70":11,"71":11,"73":11,"75":1},"branchMap":{"0":{"type":"branch","line":8,"loc":{"start":{"line":8,"column":0},"end":{"line":74,"column":1}},"locations":[{"start":{"line":8,"column":0},"end":{"line":74,"column":1}}]},"1":{"type":"branch","line":24,"loc":{"start":{"line":24,"column":5},"end":{"line":61,"column":12}},"locations":[{"start":{"line":24,"column":5},"end":{"line":61,"column":12}}]},"2":{"type":"branch","line":43,"loc":{"start":{"line":43,"column":22},"end":{"line":44,"column":51}},"locations":[{"start":{"line":43,"column":22},"end":{"line":44,"column":51}}]},"3":{"type":"branch","line":44,"loc":{"start":{"line":44,"column":49},"end":{"line":45,"column":60}},"locations":[{"start":{"line":44,"column":49},"end":{"line":45,"column":60}}]},"4":{"type":"branch","line":9,"loc":{"start":{"line":9,"column":28},"end":{"line":16,"column":4}},"locations":[{"start":{"line":9,"column":28},"end":{"line":16,"column":4}}]},"5":{"type":"branch","line":11,"loc":{"start":{"line":11,"column":20},"end":{"line":11,"column":27}},"locations":[{"start":{"line":11,"column":20},"end":{"line":11,"column":27}}]},"6":{"type":"branch","line":11,"loc":{"start":{"line":11,"column":20},"end":{"line":13,"column":13}},"locations":[{"start":{"line":11,"column":20},"end":{"line":13,"column":13}}]},"7":{"type":"branch","line":13,"loc":{"start":{"line":13,"column":4},"end":{"line":15,"column":5}},"locations":[{"start":{"line":13,"column":4},"end":{"line":15,"column":5}}]}},"b":{"0":[11],"1":[10],"2":[9],"3":[1],"4":[3],"5":[1],"6":[2],"7":[1]},"fnMap":{"0":{"name":"DisputeModal","decl":{"start":{"line":8,"column":0},"end":{"line":74,"column":1}},"loc":{"start":{"line":8,"column":0},"end":{"line":74,"column":1}},"line":8},"1":{"name":"handleDownloadPDF","decl":{"start":{"line":9,"column":28},"end":{"line":16,"column":4}},"loc":{"start":{"line":9,"column":28},"end":{"line":16,"column":4}},"line":9}},"f":{"0":11,"1":3}}
,"C:\\Users\\Reegan.S\\OneDrive - Brillio\\JS\\Project-branches\\Main\\FDMS\\FD\\client\\src\\components\\dashboard\\admin\\adminDashboard.jsx": {"path":"C:\\Users\\Reegan.S\\OneDrive - Brillio\\JS\\Project-branches\\Main\\FDMS\\FD\\client\\src\\components\\dashboard\\admin\\adminDashboard.jsx","all":false,"statementMap":{"0":{"start":{"line":1,"column":0},"end":{"line":1,"column":63}},"1":{"start":{"line":2,"column":0},"end":{"line":2,"column":47}},"2":{"start":{"line":3,"column":0},"end":{"line":3,"column":51}},"3":{"start":{"line":4,"column":0},"end":{"line":4,"column":38}},"4":{"start":{"line":5,"column":0},"end":{"line":5,"column":47}},"5":{"start":{"line":6,"column":0},"end":{"line":6,"column":49}},"6":{"start":{"line":7,"column":0},"end":{"line":7,"column":62}},"7":{"start":{"line":8,"column":0},"end":{"line":8,"column":52}},"8":{"start":{"line":9,"column":0},"end":{"line":9,"column":78}},"9":{"start":{"line":10,"column":0},"end":{"line":10,"column":64}},"10":{"start":{"line":11,"column":0},"end":{"line":11,"column":64}},"11":{"start":{"line":12,"column":0},"end":{"line":12,"column":40}},"12":{"start":{"line":13,"column":0},"end":{"line":13,"column":67}},"14":{"start":{"line":15,"column":0},"end":{"line":15,"column":27}},"15":{"start":{"line":16,"column":0},"end":{"line":16,"column":44}},"16":{"start":{"line":17,"column":0},"end":{"line":17,"column":33}},"18":{"start":{"line":19,"column":0},"end":{"line":19,"column":47}},"19":{"start":{"line":20,"column":0},"end":{"line":20,"column":51}},"20":{"start":{"line":21,"column":0},"end":{"line":21,"column":63}},"21":{"start":{"line":22,"column":0},"end":{"line":22,"column":52}},"22":{"start":{"line":23,"column":0},"end":{"line":23,"column":62}},"23":{"start":{"line":24,"column":0},"end":{"line":24,"column":48}},"24":{"start":{"line":25,"column":0},"end":{"line":25,"column":51}},"25":{"start":{"line":26,"column":0},"end":{"line":26,"column":53}},"26":{"start":{"line":27,"column":0},"end":{"line":27,"column":45}},"27":{"start":{"line":28,"column":0},"end":{"line":28,"column":78}},"28":{"start":{"line":29,"column":0},"end":{"line":29,"column":63}},"29":{"start":{"line":30,"column":0},"end":{"line":30,"column":67}},"31":{"start":{"line":32,"column":0},"end":{"line":32,"column":19}},"32":{"start":{"line":33,"column":0},"end":{"line":33,"column":16}},"33":{"start":{"line":34,"column":0},"end":{"line":34,"column":32}},"34":{"start":{"line":35,"column":0},"end":{"line":35,"column":5}},"35":{"start":{"line":36,"column":0},"end":{"line":36,"column":14}},"37":{"start":{"line":38,"column":0},"end":{"line":38,"column":19}},"38":{"start":{"line":39,"column":0},"end":{"line":39,"column":17}},"39":{"start":{"line":40,"column":0},"end":{"line":40,"column":30}},"40":{"start":{"line":41,"column":0},"end":{"line":41,"column":25}},"41":{"start":{"line":42,"column":0},"end":{"line":42,"column":13}},"42":{"start":{"line":43,"column":0},"end":{"line":43,"column":5}},"44":{"start":{"line":45,"column":0},"end":{"line":45,"column":40}},"45":{"start":{"line":46,"column":0},"end":{"line":46,"column":11}},"46":{"start":{"line":47,"column":0},"end":{"line":47,"column":53}},"47":{"start":{"line":48,"column":0},"end":{"line":48,"column":23}},"48":{"start":{"line":49,"column":0},"end":{"line":49,"column":33}},"49":{"start":{"line":50,"column":0},"end":{"line":50,"column":16}},"50":{"start":{"line":51,"column":0},"end":{"line":51,"column":34}},"51":{"start":{"line":52,"column":0},"end":{"line":52,"column":9}},"52":{"start":{"line":53,"column":0},"end":{"line":53,"column":23}},"53":{"start":{"line":54,"column":0},"end":{"line":54,"column":45}},"54":{"start":{"line":55,"column":0},"end":{"line":55,"column":34}},"55":{"start":{"line":56,"column":0},"end":{"line":56,"column":9}},"56":{"start":{"line":57,"column":0},"end":{"line":57,"column":59}},"57":{"start":{"line":58,"column":0},"end":{"line":58,"column":7}},"58":{"start":{"line":59,"column":0},"end":{"line":59,"column":6}},"60":{"start":{"line":61,"column":0},"end":{"line":61,"column":21}},"61":{"start":{"line":62,"column":0},"end":{"line":62,"column":23}},"63":{"start":{"line":64,"column":0},"end":{"line":64,"column":40}},"64":{"start":{"line":65,"column":0},"end":{"line":65,"column":35}},"65":{"start":{"line":66,"column":0},"end":{"line":66,"column":13}},"67":{"start":{"line":68,"column":0},"end":{"line":68,"column":41}},"68":{"start":{"line":69,"column":0},"end":{"line":69,"column":24}},"70":{"start":{"line":71,"column":0},"end":{"line":71,"column":40}},"71":{"start":{"line":72,"column":0},"end":{"line":72,"column":9}},"72":{"start":{"line":73,"column":0},"end":{"line":73,"column":57}},"73":{"start":{"line":74,"column":0},"end":{"line":74,"column":28}},"74":{"start":{"line":75,"column":0},"end":{"line":75,"column":21}},"75":{"start":{"line":76,"column":0},"end":{"line":76,"column":55}},"76":{"start":{"line":77,"column":0},"end":{"line":77,"column":15}},"77":{"start":{"line":78,"column":0},"end":{"line":78,"column":24}},"78":{"start":{"line":79,"column":0},"end":{"line":79,"column":5}},"79":{"start":{"line":80,"column":0},"end":{"line":80,"column":4}},"81":{"start":{"line":82,"column":0},"end":{"line":82,"column":60}},"82":{"start":{"line":83,"column":0},"end":{"line":83,"column":9}},"83":{"start":{"line":84,"column":0},"end":{"line":84,"column":77}},"84":{"start":{"line":85,"column":0},"end":{"line":85,"column":35}},"85":{"start":{"line":86,"column":0},"end":{"line":86,"column":38}},"86":{"start":{"line":87,"column":0},"end":{"line":87,"column":26}},"87":{"start":{"line":88,"column":0},"end":{"line":88,"column":21}},"88":{"start":{"line":89,"column":0},"end":{"line":89,"column":66}},"89":{"start":{"line":90,"column":0},"end":{"line":90,"column":5}},"90":{"start":{"line":91,"column":0},"end":{"line":91,"column":4}},"92":{"start":{"line":93,"column":0},"end":{"line":93,"column":43}},"93":{"start":{"line":94,"column":0},"end":{"line":94,"column":32}},"94":{"start":{"line":95,"column":0},"end":{"line":95,"column":34}},"95":{"start":{"line":96,"column":0},"end":{"line":96,"column":23}},"96":{"start":{"line":97,"column":0},"end":{"line":97,"column":37}},"97":{"start":{"line":98,"column":0},"end":{"line":98,"column":4}},"99":{"start":{"line":100,"column":0},"end":{"line":100,"column":51}},"100":{"start":{"line":101,"column":0},"end":{"line":101,"column":9}},"101":{"start":{"line":102,"column":0},"end":{"line":102,"column":54}},"102":{"start":{"line":103,"column":0},"end":{"line":103,"column":39}},"103":{"start":{"line":104,"column":0},"end":{"line":104,"column":26}},"104":{"start":{"line":105,"column":0},"end":{"line":105,"column":25}},"105":{"start":{"line":106,"column":0},"end":{"line":106,"column":9}},"106":{"start":{"line":107,"column":0},"end":{"line":107,"column":31}},"107":{"start":{"line":108,"column":0},"end":{"line":108,"column":25}},"108":{"start":{"line":109,"column":0},"end":{"line":109,"column":21}},"109":{"start":{"line":110,"column":0},"end":{"line":110,"column":61}},"110":{"start":{"line":111,"column":0},"end":{"line":111,"column":5}},"111":{"start":{"line":112,"column":0},"end":{"line":112,"column":4}},"113":{"start":{"line":114,"column":0},"end":{"line":114,"column":34}},"114":{"start":{"line":115,"column":0},"end":{"line":115,"column":36}},"115":{"start":{"line":116,"column":0},"end":{"line":116,"column":22}},"116":{"start":{"line":117,"column":0},"end":{"line":117,"column":26}},"117":{"start":{"line":118,"column":0},"end":{"line":118,"column":21}},"118":{"start":{"line":119,"column":0},"end":{"line":119,"column":31}},"119":{"start":{"line":120,"column":0},"end":{"line":120,"column":36}},"120":{"start":{"line":121,"column":0},"end":{"line":121,"column":12}},"121":{"start":{"line":122,"column":0},"end":{"line":122,"column":4}},"123":{"start":{"line":124,"column":0},"end":{"line":124,"column":38}},"124":{"start":{"line":125,"column":0},"end":{"line":125,"column":29}},"125":{"start":{"line":126,"column":0},"end":{"line":126,"column":23}},"126":{"start":{"line":127,"column":0},"end":{"line":127,"column":4}},"128":{"start":{"line":129,"column":0},"end":{"line":129,"column":38}},"129":{"start":{"line":130,"column":0},"end":{"line":130,"column":37}},"130":{"start":{"line":131,"column":0},"end":{"line":131,"column":29}},"131":{"start":{"line":132,"column":0},"end":{"line":132,"column":4}},"133":{"start":{"line":134,"column":0},"end":{"line":134,"column":56}},"134":{"start":{"line":135,"column":0},"end":{"line":135,"column":77}},"136":{"start":{"line":137,"column":0},"end":{"line":137,"column":16}},"137":{"start":{"line":138,"column":0},"end":{"line":138,"column":60}},"138":{"start":{"line":139,"column":0},"end":{"line":139,"column":3}},"140":{"start":{"line":141,"column":0},"end":{"line":141,"column":10}},"141":{"start":{"line":142,"column":0},"end":{"line":142,"column":6}},"142":{"start":{"line":143,"column":0},"end":{"line":143,"column":26}},"143":{"start":{"line":144,"column":0},"end":{"line":144,"column":45}},"145":{"start":{"line":146,"column":0},"end":{"line":146,"column":31}},"146":{"start":{"line":147,"column":0},"end":{"line":147,"column":16}},"147":{"start":{"line":148,"column":0},"end":{"line":148,"column":10}},"150":{"start":{"line":151,"column":0},"end":{"line":151,"column":82}},"152":{"start":{"line":153,"column":0},"end":{"line":153,"column":22}},"155":{"start":{"line":156,"column":0},"end":{"line":156,"column":73}},"156":{"start":{"line":157,"column":0},"end":{"line":157,"column":46}},"157":{"start":{"line":158,"column":0},"end":{"line":158,"column":40}},"158":{"start":{"line":159,"column":0},"end":{"line":159,"column":78}},"159":{"start":{"line":160,"column":0},"end":{"line":160,"column":74}},"161":{"start":{"line":162,"column":0},"end":{"line":162,"column":39}},"162":{"start":{"line":163,"column":0},"end":{"line":163,"column":30}},"163":{"start":{"line":164,"column":0},"end":{"line":164,"column":49}},"164":{"start":{"line":165,"column":0},"end":{"line":165,"column":45}},"165":{"start":{"line":166,"column":0},"end":{"line":166,"column":47}},"166":{"start":{"line":167,"column":0},"end":{"line":167,"column":16}},"168":{"start":{"line":169,"column":0},"end":{"line":169,"column":26}},"169":{"start":{"line":170,"column":0},"end":{"line":170,"column":43}},"170":{"start":{"line":171,"column":0},"end":{"line":171,"column":31}},"171":{"start":{"line":172,"column":0},"end":{"line":172,"column":37}},"172":{"start":{"line":173,"column":0},"end":{"line":173,"column":41}},"173":{"start":{"line":174,"column":0},"end":{"line":174,"column":47}},"174":{"start":{"line":175,"column":0},"end":{"line":175,"column":51}},"175":{"start":{"line":176,"column":0},"end":{"line":176,"column":16}},"178":{"start":{"line":179,"column":0},"end":{"line":179,"column":25}},"179":{"start":{"line":180,"column":0},"end":{"line":180,"column":30}},"180":{"start":{"line":181,"column":0},"end":{"line":181,"column":39}},"181":{"start":{"line":182,"column":0},"end":{"line":182,"column":31}},"182":{"start":{"line":183,"column":0},"end":{"line":183,"column":37}},"183":{"start":{"line":184,"column":0},"end":{"line":184,"column":40}},"184":{"start":{"line":185,"column":0},"end":{"line":185,"column":49}},"185":{"start":{"line":186,"column":0},"end":{"line":186,"column":57}},"186":{"start":{"line":187,"column":0},"end":{"line":187,"column":45}},"187":{"start":{"line":188,"column":0},"end":{"line":188,"column":14}},"189":{"start":{"line":190,"column":0},"end":{"line":190,"column":32}},"190":{"start":{"line":191,"column":0},"end":{"line":191,"column":35}},"191":{"start":{"line":192,"column":0},"end":{"line":192,"column":46}},"192":{"start":{"line":193,"column":0},"end":{"line":193,"column":14}},"193":{"start":{"line":194,"column":0},"end":{"line":194,"column":16}},"194":{"start":{"line":195,"column":0},"end":{"line":195,"column":14}},"195":{"start":{"line":196,"column":0},"end":{"line":196,"column":13}},"196":{"start":{"line":197,"column":0},"end":{"line":197,"column":10}},"197":{"start":{"line":198,"column":0},"end":{"line":198,"column":8}},"198":{"start":{"line":199,"column":0},"end":{"line":199,"column":3}},"200":{"start":{"line":201,"column":0},"end":{"line":201,"column":1}},"202":{"start":{"line":203,"column":0},"end":{"line":203,"column":30}}},"s":{"0":1,"1":1,"2":1,"3":1,"4":1,"5":1,"6":1,"7":1,"8":1,"9":1,"10":1,"11":1,"12":1,"14":18,"15":18,"16":18,"18":18,"19":18,"20":18,"21":18,"22":18,"23":18,"24":18,"25":18,"26":18,"27":18,"28":18,"29":18,"31":18,"32":9,"33":9,"34":9,"35":18,"37":18,"38":10,"39":0,"40":0,"41":0,"42":0,"44":10,"45":10,"46":10,"47":10,"48":10,"49":10,"50":0,"51":0,"52":10,"53":0,"54":0,"55":0,"56":0,"57":0,"58":10,"60":10,"61":10,"63":10,"64":0,"65":10,"67":10,"68":18,"70":18,"71":10,"72":10,"73":9,"74":10,"75":1,"76":10,"77":10,"78":10,"79":10,"81":18,"82":0,"83":0,"84":0,"85":0,"86":0,"87":0,"88":0,"89":0,"90":0,"92":18,"93":0,"94":0,"95":0,"96":0,"97":0,"99":18,"100":0,"101":0,"102":0,"103":0,"104":0,"105":0,"106":0,"107":0,"108":0,"109":0,"110":0,"111":0,"113":18,"114":0,"115":0,"116":0,"117":0,"118":0,"119":0,"120":0,"121":0,"123":18,"124":0,"125":0,"126":0,"128":18,"129":0,"130":0,"131":0,"133":18,"134":18,"136":18,"137":0,"138":0,"140":18,"141":18,"142":18,"143":18,"145":18,"146":18,"147":18,"150":18,"152":18,"155":18,"156":18,"157":18,"158":18,"159":18,"161":18,"162":0,"163":0,"164":0,"165":0,"166":0,"168":18,"169":18,"170":18,"171":18,"172":18,"173":18,"174":18,"175":18,"178":18,"179":18,"180":18,"181":18,"182":18,"183":18,"184":18,"185":18,"186":18,"187":18,"189":18,"190":18,"191":18,"192":18,"193":18,"194":18,"195":18,"196":18,"197":18,"198":18,"200":18,"202":1},"branchMap":{"0":{"type":"branch","line":15,"loc":{"start":{"line":15,"column":0},"end":{"line":201,"column":1}},"locations":[{"start":{"line":15,"column":0},"end":{"line":201,"column":1}}]},"1":{"type":"branch","line":137,"loc":{"start":{"line":137,"column":15},"end":{"line":139,"column":3}},"locations":[{"start":{"line":137,"column":15},"end":{"line":139,"column":3}}]},"2":{"type":"branch","line":159,"loc":{"start":{"line":159,"column":52},"end":{"line":159,"column":72}},"locations":[{"start":{"line":159,"column":52},"end":{"line":159,"column":72}}]},"3":{"type":"branch","line":162,"loc":{"start":{"line":162,"column":13},"end":{"line":167,"column":16}},"locations":[{"
[...]
line":11,"column":12},"end":{"line":37,"column":5}}]},"2":{"type":"branch","line":12,"loc":{"start":{"line":12,"column":16},"end":{"line":16,"column":5}},"locations":[{"start":{"line":12,"column":16},"end":{"line":16,"column":5}}]},"3":{"type":"branch","line":16,"loc":{"start":{"line":16,"column":4},"end":{"line":36,"column":20}},"locations":[{"start":{"line":16,"column":4},"end":{"line":36,"column":20}}]},"4":{"type":"branch","line":18,"loc":{"start":{"line":18,"column":26},"end":{"line":34,"column":6}},"locations":[{"start":{"line":18,"column":26},"end":{"line":34,"column":6}}]},"5":{"type":"branch","line":20,"loc":{"start":{"line":20,"column":49},"end":{"line":21,"column":22}},"locations":[{"start":{"line":20,"column":49},"end":{"line":21,"column":22}}]},"6":{"type":"branch","line":21,"loc":{"start":{"line":21,"column":22},"end":{"line":23,"column":15}},"locations":[{"start":{"line":21,"column":22},"end":{"line":23,"column":15}}]},"7":{"type":"branch","line":23,"loc":{"start":{"line":23,"column":8},"end":{"line":25,"column":9}},"locations":[{"start":{"line":23,"column":8},"end":{"line":25,"column":9}}]},"8":{"type":"branch","line":26,"loc":{"start":{"line":26,"column":6},"end":{"line":31,"column":8}},"locations":[{"start":{"line":26,"column":6},"end":{"line":31,"column":8}}]},"9":{"type":"branch","line":28,"loc":{"start":{"line":28,"column":18},"end":{"line":28,"column":39}},"locations":[{"start":{"line":28,"column":18},"end":{"line":28,"column":39}}]},"10":{"type":"branch","line":28,"loc":{"start":{"line":28,"column":44},"end":{"line":30,"column":9}},"locations":[{"start":{"line":28,"column":44},"end":{"line":30,"column":9}}]},"11":{"type":"branch","line":39,"loc":{"start":{"line":39,"column":31},"end":{"line":42,"column":4}},"locations":[{"start":{"line":39,"column":31},"end":{"line":42,"column":4}}]}},"b":{"0":[10],"1":[6],"2":[1],"3":[5],"4":[5],"5":[3],"6":[2],"7":[1],"8":[2],"9":[1],"10":[1],"11":[1]},"fnMap":{"0":{"name":"useUser","decl":{"start":{"line":5,"column":7},"end":{"line":45,"column":1}},"loc":{"start":{"line":5,"column":7},"end":{"line":45,"column":1}},"line":5},"1":{"name":"fetchUserData","decl":{"start":{"line":18,"column":26},"end":{"line":34,"column":6}},"loc":{"start":{"line":18,"column":26},"end":{"line":34,"column":6}},"line":18},"2":{"name":"handleSessionExpired","decl":{"start":{"line":39,"column":31},"end":{"line":42,"column":4}},"loc":{"start":{"line":39,"column":31},"end":{"line":42,"column":4}},"line":39}},"f":{"0":10,"1":5,"2":1}}
,"C:\\Users\\Reegan.S\\OneDrive - Brillio\\JS\\Project-branches\\Main\\FDMS\\FD\\client\\src\\hooks\\useVendor.jsx": {"path":"C:\\Users\\Reegan.S\\OneDrive - Brillio\\JS\\Project-branches\\Main\\FDMS\\FD\\client\\src\\hooks\\useVendor.jsx","all":false,"statementMap":{"0":{"start":{"line":1,"column":0},"end":{"line":1,"column":56}},"1":{"start":{"line":2,"column":0},"end":{"line":2,"column":47}},"2":{"start":{"line":3,"column":0},"end":{"line":3,"column":70}},"3":{"start":{"line":4,"column":0},"end":{"line":4,"column":60}},"5":{"start":{"line":6,"column":0},"end":{"line":6,"column":29}},"6":{"start":{"line":7,"column":0},"end":{"line":7,"column":44}},"7":{"start":{"line":8,"column":0},"end":{"line":8,"column":33}},"8":{"start":{"line":9,"column":0},"end":{"line":9,"column":47}},"9":{"start":{"line":10,"column":0},"end":{"line":10,"column":48}},"10":{"start":{"line":11,"column":0},"end":{"line":11,"column":52}},"11":{"start":{"line":12,"column":0},"end":{"line":12,"column":51}},"12":{"start":{"line":13,"column":0},"end":{"line":13,"column":62}},"14":{"start":{"line":15,"column":0},"end":{"line":15,"column":19}},"15":{"start":{"line":16,"column":0},"end":{"line":16,"column":16}},"16":{"start":{"line":17,"column":0},"end":{"line":17,"column":32}},"17":{"start":{"line":18,"column":0},"end":{"line":18,"column":5}},"18":{"start":{"line":19,"column":0},"end":{"line":19,"column":14}},"20":{"start":{"line":21,"column":0},"end":{"line":21,"column":19}},"21":{"start":{"line":22,"column":0},"end":{"line":22,"column":17}},"22":{"start":{"line":23,"column":0},"end":{"line":23,"column":30}},"23":{"start":{"line":24,"column":0},"end":{"line":24,"column":25}},"24":{"start":{"line":25,"column":0},"end":{"line":25,"column":13}},"25":{"start":{"line":26,"column":0},"end":{"line":26,"column":5}},"27":{"start":{"line":28,"column":0},"end":{"line":28,"column":41}},"28":{"start":{"line":29,"column":0},"end":{"line":29,"column":25}},"29":{"start":{"line":30,"column":0},"end":{"line":30,"column":11}},"30":{"start":{"line":31,"column":0},"end":{"line":31,"column":26}},"31":{"start":{"line":32,"column":0},"end":{"line":32,"column":57}},"32":{"start":{"line":33,"column":0},"end":{"line":33,"column":25}},"33":{"start":{"line":34,"column":0},"end":{"line":34,"column":47}},"34":{"start":{"line":35,"column":0},"end":{"line":35,"column":95}},"35":{"start":{"line":36,"column":0},"end":{"line":36,"column":42}},"36":{"start":{"line":37,"column":0},"end":{"line":37,"column":11}},"37":{"start":{"line":38,"column":0},"end":{"line":38,"column":16}},"38":{"start":{"line":39,"column":0},"end":{"line":39,"column":84}},"39":{"start":{"line":40,"column":0},"end":{"line":40,"column":40}},"40":{"start":{"line":41,"column":0},"end":{"line":41,"column":9}},"41":{"start":{"line":42,"column":0},"end":{"line":42,"column":23}},"42":{"start":{"line":43,"column":0},"end":{"line":43,"column":45}},"43":{"start":{"line":44,"column":0},"end":{"line":44,"column":34}},"44":{"start":{"line":45,"column":0},"end":{"line":45,"column":9}},"45":{"start":{"line":46,"column":0},"end":{"line":46,"column":17}},"46":{"start":{"line":47,"column":0},"end":{"line":47,"column":26}},"47":{"start":{"line":48,"column":0},"end":{"line":48,"column":28}},"48":{"start":{"line":49,"column":0},"end":{"line":49,"column":7}},"49":{"start":{"line":50,"column":0},"end":{"line":50,"column":6}},"51":{"start":{"line":52,"column":0},"end":{"line":52,"column":22}},"52":{"start":{"line":53,"column":0},"end":{"line":53,"column":63}},"54":{"start":{"line":55,"column":0},"end":{"line":55,"column":48}},"55":{"start":{"line":56,"column":0},"end":{"line":56,"column":36}},"57":{"start":{"line":58,"column":0},"end":{"line":58,"column":38}},"58":{"start":{"line":59,"column":0},"end":{"line":59,"column":29}},"59":{"start":{"line":60,"column":0},"end":{"line":60,"column":23}},"60":{"start":{"line":61,"column":0},"end":{"line":61,"column":4}},"62":{"start":{"line":63,"column":0},"end":{"line":63,"column":10}},"63":{"start":{"line":64,"column":0},"end":{"line":64,"column":13}},"64":{"start":{"line":65,"column":0},"end":{"line":65,"column":12}},"65":{"start":{"line":66,"column":0},"end":{"line":66,"column":14}},"66":{"start":{"line":67,"column":0},"end":{"line":67,"column":15}},"67":{"start":{"line":68,"column":0},"end":{"line":68,"column":19}},"68":{"start":{"line":69,"column":0},"end":{"line":69,"column":24}},"69":{"start":{"line":70,"column":0},"end":{"line":70,"column":4}},"70":{"start":{"line":71,"column":0},"end":{"line":71,"column":1}}},"s":{"0":1,"1":1,"2":1,"3":1,"5":1,"6":18,"7":18,"8":18,"9":18,"10":18,"11":18,"12":18,"14":18,"15":7,"16":6,"17":6,"18":18,"20":18,"21":9,"22":1,"23":1,"24":1,"25":1,"27":8,"28":8,"29":8,"30":8,"31":6,"32":5,"33":5,"34":5,"35":5,"36":5,"37":8,"38":2,"39":2,"40":2,"41":8,"42":1,"43":1,"44":1,"45":8,"46":8,"47":8,"48":8,"49":8,"51":8,"52":8,"54":8,"55":18,"57":18,"58":2,"59":2,"60":2,"62":18,"63":18,"64":18,"65":18,"66":18,"67":18,"68":18,"69":18,"70":18},"branchMap":{"0":{"type":"branch","line":6,"loc":{"start":{"line":6,"column":7},"end":{"line":71,"column":1}},"locations":[{"start":{"line":6,"column":7},"end":{"line":71,"column":1}}]},"1":{"type":"branch","line":15,"loc":{"start":{"line":15,"column":12},"end":{"line":19,"column":5}},"locations":[{"start":{"line":15,"column":12},"end":{"line":19,"column":5}}]},"2":{"type":"branch","line":16,"loc":{"start":{"line":16,"column":15},"end":{"line":18,"column":5}},"locations":[{"start":{"line":16,"column":15},"end":{"line":18,"column":5}}]},"3":{"type":"branch","line":21,"loc":{"start":{"line":21,"column":12},"end":{"line":56,"column":5}},"locations":[{"start":{"line":21,"column":12},"end":{"line":56,"column":5}}]},"4":{"type":"branch","line":22,"loc":{"start":{"line":22,"column":16},"end":{"line":26,"column":5}},"locations":[{"start":{"line":22,"column":16},"end":{"line":26,"column":5}}]},"5":{"type":"branch","line":26,"loc":{"start":{"line":26,"column":4},"end":{"line":55,"column":48}},"locations":[{"start":{"line":26,"column":4},"end":{"line":55,"column":48}}]},"6":{"type":"branch","line":28,"loc":{"start":{"line":28,"column":28},"end":{"line":50,"column":6}},"locations":[{"start":{"line":28,"column":28},"end":{"line":50,"column":6}}]},"7":{"type":"branch","line":31,"loc":{"start":{"line":31,"column":25},"end":{"line":38,"column":15}},"locations":[{"start":{"line":31,"column":25},"end":{"line":38,"column":15}}]},"8":{"type":"branch","line":32,"loc":{"start":{"line":32,"column":55},"end":{"line":37,"column":11}},"locations":[{"start":{"line":32,"column":55},"end":{"line":37,"column":11}}]},"9":{"type":"branch","line":38,"loc":{"start":{"line":38,"column":8},"end":{"line":41,"column":9}},"locations":[{"start":{"line":38,"column":8},"end":{"line":41,"column":9}}]},"10":{"type":"branch","line":42,"loc":{"start":{"line":42,"column":6},"end":{"line":46,"column":8}},"locations":[{"start":{"line":42,"column":6},"end":{"line":46,"column":8}}]},"11":{"type":"branch","line":55,"loc":{"start":{"line":55,"column":11},"end":{"line":55,"column":48}},"locations":[{"start":{"line":55,"column":11},"end":{"line":55,"column":48}}]},"12":{"type":"branch","line":58,"loc":{"start":{"line":58,"column":31},"end":{"line":61,"column":4}},"locations":[{"start":{"line":58,"column":31},"end":{"line":61,"column":4}}]}},"b":{"0":[18],"1":[7],"2":[6],"3":[9],"4":[1],"5":[8],"6":[8],"7":[6],"8":[5],"9":[2],"10":[1],"11":[8],"12":[2]},"fnMap":{"0":{"name":"useVendor","decl":{"start":{"line":6,"column":7},"end":{"line":71,"column":1}},"loc":{"start":{"line":6,"column":7},"end":{"line":71,"column":1}},"line":6},"1":{"name":"fetchVendorData","decl":{"start":{"line":28,"column":28},"end":{"line":50,"column":6}},"loc":{"start":{"line":28,"column":28},"end":{"line":50,"column":6}},"line":28},"2":{"name":"handleSessionExpired","decl":{"start":{"line":58,"column":31},"end":{"line":61,"column":4}},"loc":{"start":{"line":58,"column":31},"end":{"line":61,"column":4}},"line":58}},"f":{"0":18,"1":8,"2":2}}
,"C:\\Users\\Reegan.S\\OneDrive - Brillio\\JS\\Project-branches\\Main\\FDMS\\FD\\client\\src\\hooks\\useVendorDispute.jsx": {"path":"C:\\Users\\Reegan.S\\OneDrive - Brillio\\JS\\Project-branches\\Main\\FDMS\\FD\\client\\src\\hooks\\useVendorDispute.jsx","all":false,"statementMap":{"0":{"start":{"line":1,"column":0},"end":{"line":1,"column":36}},"1":{"start":{"line":2,"column":0},"end":{"line":2,"column":52}},"2":{"start":{"line":3,"column":0},"end":{"line":3,"column":69}},"4":{"start":{"line":5,"column":0},"end":{"line":5,"column":86}},"5":{"start":{"line":6,"column":0},"end":{"line":6,"column":44}},"6":{"start":{"line":7,"column":0},"end":{"line":7,"column":9}},"7":{"start":{"line":8,"column":0},"end":{"line":8,"column":36}},"8":{"start":{"line":9,"column":0},"end":{"line":9,"column":80}},"9":{"start":{"line":10,"column":0},"end":{"line":10,"column":15}},"10":{"start":{"line":11,"column":0},"end":{"line":11,"column":7}},"12":{"start":{"line":13,"column":0},"end":{"line":13,"column":57}},"13":{"start":{"line":14,"column":0},"end":{"line":14,"column":31}},"14":{"start":{"line":15,"column":0},"end":{"line":15,"column":39}},"15":{"start":{"line":16,"column":0},"end":{"line":16,"column":9}},"17":{"start":{"line":18,"column":0},"end":{"line":18,"column":16}},"18":{"start":{"line":19,"column":0},"end":{"line":19,"column":57}},"19":{"start":{"line":20,"column":0},"end":{"line":20,"column":21}},"20":{"start":{"line":21,"column":0},"end":{"line":21,"column":22}},"21":{"start":{"line":22,"column":0},"end":{"line":22,"column":88}},"22":{"start":{"line":23,"column":0},"end":{"line":23,"column":16}},"23":{"start":{"line":24,"column":0},"end":{"line":24,"column":8}},"24":{"start":{"line":25,"column":0},"end":{"line":25,"column":5}},"25":{"start":{"line":26,"column":0},"end":{"line":26,"column":4}},"27":{"start":{"line":28,"column":0},"end":{"line":28,"column":55}},"28":{"start":{"line":29,"column":0},"end":{"line":29,"column":9}},"29":{"start":{"line":30,"column":0},"end":{"line":30,"column":72}},"30":{"start":{"line":31,"column":0},"end":{"line":31,"column":48}},"31":{"start":{"line":32,"column":0},"end":{"line":32,"column":8}},"32":{"start":{"line":33,"column":0},"end":{"line":33,"column":85}},"33":{"start":{"line":34,"column":0},"end":{"line":34,"column":21}},"34":{"start":{"line":35,"column":0},"end":{"line":35,"column":91}},"35":{"start":{"line":36,"column":0},"end":{"line":36,"column":5}},"36":{"start":{"line":37,"column":0},"end":{"line":37,"column":33}},"38":{"start":{"line":39,"column":0},"end":{"line":39,"column":47}},"39":{"start":{"line":40,"column":0},"end":{"line":40,"column":9}},"40":{"start":{"line":41,"column":0},"end":{"line":41,"column":50}},"41":{"start":{"line":42,"column":0},"end":{"line":42,"column":53}},"42":{"start":{"line":43,"column":0},"end":{"line":43,"column":21}},"43":{"start":{"line":44,"column":0},"end":{"line":44,"column":75}},"44":{"start":{"line":45,"column":0},"end":{"line":45,"column":5}},"45":{"start":{"line":46,"column":0},"end":{"line":46,"column":50}},"47":{"start":{"line":48,"column":0},"end":{"line":48,"column":10}},"48":{"start":{"line":49,"column":0},"end":{"line":49,"column":25}},"49":{"start":{"line":50,"column":0},"end":{"line":50,"column":24}},"50":{"start":{"line":51,"column":0},"end":{"line":51,"column":21}},"51":{"start":{"line":52,"column":0},"end":{"line":52,"column":4}},"52":{"start":{"line":53,"column":0},"end":{"line":53,"column":1}}},"s":{"0":1,"1":1,"2":1,"4":1,"5":5,"6":3,"7":3,"8":1,"9":1,"10":1,"12":2,"13":2,"14":2,"15":2,"17":1,"18":1,"19":1,"20":1,"21":1,"22":1,"23":1,"24":1,"25":3,"27":5,"28":0,"29":0,"30":0,"31":0,"32":0,"33":0,"34":0,"35":0,"36":5,"38":5,"39":2,"40":2,"41":2,"42":2,"43":1,"44":1,"45":5,"47":5,"48":5,"49":5,"50":5,"51":5,"52":5},"branchMap":{"0":{"type":"branch","line":5,"loc":{"start":{"line":5,"column":7},"end":{"line":53,"column":1}},"locations":[{"start":{"line":5,"column":7},"end":{"line":53,"column":1}}]},"1":{"type":"branch","line":6,"loc":{"start":{"line":6,"column":31},"end":{"line":26,"column":4}},"locations":[{"start":{"line":6,"column":31},"end":{"line":26,"column":4}}]},"2":{"type":"branch","line":8,"loc":{"start":{"line":8,"column":35},"end":{"line":11,"column":7}},"locations":[{"start":{"line":8,"column":35},"end":{"line":11,"column":7}}]},"3":{"type":"branch","line":11,"loc":{"start":{"line":11,"column":6},"end":{"line":16,"column":9}},"locations":[{"start":{"line":11,"column":6},"end":{"line":16,"column":9}}]},"4":{"type":"branch","line":16,"loc":{"start":{"line":16,"column":7},"end":{"line":25,"column":5}},"locations":[{"start":{"line":16,"column":7},"end":{"line":25,"column":5}}]},"5":{"type":"branch","line":22,"loc":{"start":{"line":22,"column":30},"end":{"line":22,"column":88}},"locations":[{"start":{"line":22,"column":30},"end":{"line":22,"column":88}}]},"6":{"type":"branch","line":39,"loc":{"start":{"line":39,"column":40},"end":{"line":46,"column":5}},"locations":[{"start":{"line":39,"column":40},"end":{"line":46,"column":5}}]},"7":{"type":"branch","line":43,"loc":{"start":{"line":43,"column":4},"end":{"line":45,"column":5}},"locations":[{"start":{"line":43,"column":4},"end":{"line":45,"column":5}}]}},"b":{"0":[5],"1":[3],"2":[1],"3":[2],"4":[1],"5":[0],"6":[2],"7":[1]},"fnMap":{"0":{"name":"useVendorDispute","decl":{"start":{"line":5,"column":7},"end":{"line":53,"column":1}},"loc":{"start":{"line":5,"column":7},"end":{"line":53,"column":1}},"line":5},"1":{"name":"handleSubmitResponse","decl":{"start":{"line":6,"column":31},"end":{"line":26,"column":4}},"loc":{"start":{"line":6,"column":31},"end":{"line":26,"column":4}},"line":6}},"f":{"0":5,"1":3}}
,"C:\\Users\\Reegan.S\\OneDrive - Brillio\\JS\\Project-branches\\Main\\FDMS\\FD\\client\\src\\hooks\\userDisputes.jsx": {"path":"C:\\Users\\Reegan.S\\OneDrive - Brillio\\JS\\Project-branches\\Main\\FDMS\\FD\\client\\src\\hooks\\userDisputes.jsx","all":false,"statementMap":{"0":{"start":{"line":1,"column":0},"end":{"line":1,"column":44}},"1":{"start":{"line":2,"column":0},"end":{"line":2,"column":52}},"3":{"start":{"line":4,"column":0},"end":{"line":4,"column":36}},"4":{"start":{"line":5,"column":0},"end":{"line":5,"column":47}},"5":{"start":{"line":6,"column":0},"end":{"line":6,"column":48}},"7":{"start":{"line":8,"column":0},"end":{"line":8,"column":19}},"8":{"start":{"line":9,"column":0},"end":{"line":9,"column":23}},"10":{"start":{"line":11,"column":0},"end":{"line":11,"column":39}},"11":{"start":{"line":12,"column":0},"end":{"line":12,"column":11}},"12":{"start":{"line":13,"column":0},"end":{"line":13,"column":56}},"13":{"start":{"line":14,"column":0},"end":{"line":14,"column":30}},"14":{"start":{"line":15,"column":0},"end":{"line":15,"column":23}},"15":{"start":{"line":16,"column":0},"end":{"line":16,"column":81}},"16":{"start":{"line":17,"column":0},"end":{"line":17,"column":17}},"17":{"start":{"line":18,"column":0},"end":{"line":18,"column":26}},"18":{"start":{"line":19,"column":0},"end":{"line":19,"column":7}},"19":{"start":{"line":20,"column":0},"end":{"line":20,"column":6}},"21":{"start":{"line":22,"column":0},"end":{"line":22,"column":20}},"22":{"start":{"line":23,"column":0},"end":{"line":23,"column":54}},"24":{"start":{"line":25,"column":0},"end":{"line":25,"column":41}},"25":{"start":{"line":26,"column":0},"end":{"line":26,"column":14}},"27":{"start":{"line":28,"column":0},"end":{"line":28,"column":31}},"28":{"start":{"line":29,"column":0},"end":{"line":29,"column":1}}},"s":{"0":1,"1":1,"3":1,"4":5,"5":5,"7":5,"8":4,"10":3,"11":3,"12":3,"13":2,"14":3,"15":1,"16":3,"17":3,"18":3,"19":3,"21":3,"22":3,"24":3,"25":5,"27":5,"28":5},"branchMap":{"0":{"type":"branch","line":4,"loc":{"start":{"line":4,"column":7},"end":{"line":29,"column":1}},"locations":[{"start":{"line":4,"column":7},"end":{"line":29,"column":1}}]},"1":{"type":"branch","line":8,"loc":{"start":{"line":8,"column":12},"end":{"line":26,"column":5}},"locations":[{"start":{"line":8,"column":12},"end":{"line":26,"column":5}}]},"2":{"type":"branch","line":9,"loc":{"start":{"line":9,"column":16},"end":{"line":9,"column":23}},"locations":[{"start":{"line":9,"column":16},"end":{"line":9,"column":23}}]},"3":{"type":"branch","line":9,"loc":{"start":{"line":9,"column":16},"end":{"line":25,"column":41}},"locations":[{"start":{"line":9,"column":16},"end":{"line":25,"column":41}}]},"4":{"type":"branch","line":11,"loc":{"start":{"line":11,"column":26},"end":{"line":20,"column":6}},"locations":[{"start":{"line":11,"column":26},"end":{"line":20,"column":6}}]},"5":{"type":"branch","line":13,"loc":{"start":{"line":13,"column":54},"end":{"line":15,"column":15}},"locations":[{"start":{"line":13,"column":54},"end":{"line":15,"column":15}}]},"6":{"type":"branch","line":15,"loc":{"start":{"line":15,"column":6},"end":{"line":17,"column":8}},"locations":[{"start":{"line":15,"column":6},"end":{"line":17,"column":8}}]},"7":{"type":"branch","line":25,"loc":{"start":{"line":25,"column":11},"end":{"line":25,"column":41}},"locations":[{"start":{"line":25,"column":11},"end":{"line":25,"column":41}}]}},"b":{"0":[5],"1":[4],"2":[1],"3":[3],"4":[3],"5":[2],"6":[1],"7":[3]},"fnMap":{"0":{"name":"useDisputes","decl":{"start":{"line":4,"column":7},"end":{"line":29,"column":1}},"loc":{"start":{"line":4,"column":7},"end":{"line":29,"column":1}},"line":4},"1":{"name":"fetchDisputes","decl":{"start":{"line":11,"column":26},"end":{"line":20,"column":6}},"loc":{"start":{"line":11,"column":26},"end":{"line":20,"column":6}},"line":11}},"f":{"0":5,"1":3}}
}
